<?xml version="1.0" encoding="UTF-8"?>
<robot generator="Robot 6.1 (Python 3.11.2 on win32)" generated="20230726 14:05:28.894" rpa="false" schemaversion="4">
<suite id="s1" name="Test Login Rf" source="C:\Users\valcr\OneDrive\Dokumenty\GitHub\panelscout_robotframework\test_login_rf.robot">
<test id="s1-t1" name="Login to the system" line="40">
<kw name="Open login page">
<kw name="Open Browser" library="SeleniumLibrary">
<arg>${LOGIN URL}</arg>
<arg>${BROWSER}</arg>
<doc>Opens a new browser instance to the optional ``url``.</doc>
<msg timestamp="20230726 14:05:29.119" level="INFO">Opening browser 'Chrome' to base url 'https://scouts-test.futbolkolektyw.pl/en'.</msg>
<status status="PASS" starttime="20230726 14:05:29.119" endtime="20230726 14:05:30.989"/>
</kw>
<kw name="Title Should Be" library="SeleniumLibrary">
<arg>Scouts panel - sign in</arg>
<doc>Verifies that the current page title equals ``title``.</doc>
<msg timestamp="20230726 14:05:30.997" level="INFO">Page title is 'Scouts panel - sign in'.</msg>
<status status="PASS" starttime="20230726 14:05:30.989" endtime="20230726 14:05:30.997"/>
</kw>
<status status="PASS" starttime="20230726 14:05:29.119" endtime="20230726 14:05:30.997"/>
</kw>
<kw name="Type in email">
<kw name="Input Text" library="SeleniumLibrary">
<arg>${EMAILINPUT}</arg>
<arg>user10@getnada.com</arg>
<doc>Types the given ``text`` into the text field identified by ``locator``.</doc>
<msg timestamp="20230726 14:05:30.997" level="INFO">Typing text 'user10@getnada.com' into text field 'xpath=//*[@id='login']'.</msg>
<status status="PASS" starttime="20230726 14:05:30.997" endtime="20230726 14:05:31.234"/>
</kw>
<status status="PASS" starttime="20230726 14:05:30.997" endtime="20230726 14:05:31.234"/>
</kw>
<kw name="Type in password">
<kw name="Input Text" library="SeleniumLibrary">
<arg>${PASSWORDINPUT}</arg>
<arg>Test-1234</arg>
<doc>Types the given ``text`` into the text field identified by ``locator``.</doc>
<msg timestamp="20230726 14:05:31.237" level="INFO">Typing text 'Test-1234' into text field 'xpath=//*[@id='password']'.</msg>
<status status="PASS" starttime="20230726 14:05:31.235" endtime="20230726 14:05:31.372"/>
</kw>
<status status="PASS" starttime="20230726 14:05:31.235" endtime="20230726 14:05:31.372"/>
</kw>
<kw name="Click on the Submit button">
<kw name="Click Element" library="SeleniumLibrary">
<arg>${SIGNINBUTTON}</arg>
<doc>Click the element identified by ``locator``.</doc>
<msg timestamp="20230726 14:05:31.372" level="INFO">Clicking element 'xpath=//*[(text()= 'Sign in')]'.</msg>
<status status="PASS" starttime="20230726 14:05:31.372" endtime="20230726 14:05:31.421"/>
</kw>
<status status="PASS" starttime="20230726 14:05:31.372" endtime="20230726 14:05:31.421"/>
</kw>
<kw name="Assert dashboard">
<kw name="Wait Until Element Is Visible" library="SeleniumLibrary">
<arg>${PAGELOGO}</arg>
<doc>Waits until the element ``locator`` is visible.</doc>
<status status="PASS" starttime="20230726 14:05:31.421" endtime="20230726 14:05:32.757"/>
</kw>
<kw name="Title Should Be" library="SeleniumLibrary">
<arg>Scouts panel</arg>
<doc>Verifies that the current page title equals ``title``.</doc>
<msg timestamp="20230726 14:05:32.765" level="INFO">Page title is 'Scouts panel'.</msg>
<status status="PASS" starttime="20230726 14:05:32.757" endtime="20230726 14:05:32.765"/>
</kw>
<kw name="Capture Page Screenshot" library="SeleniumLibrary">
<arg>alert.png</arg>
<doc>Takes a screenshot of the current page and embeds it into a log file.</doc>
<msg timestamp="20230726 14:05:32.903" level="INFO" html="true">&lt;/td&gt;&lt;/tr&gt;&lt;tr&gt;&lt;td colspan="3"&gt;&lt;a href="alert.png"&gt;&lt;img src="alert.png" width="800px"&gt;&lt;/a&gt;</msg>
<status status="PASS" starttime="20230726 14:05:32.765" endtime="20230726 14:05:32.903"/>
</kw>
<status status="PASS" starttime="20230726 14:05:31.421" endtime="20230726 14:05:32.903"/>
</kw>
<kw name="Close Browser" library="SeleniumLibrary" type="TEARDOWN">
<doc>Closes the current browser.</doc>
<status status="PASS" starttime="20230726 14:05:32.903" endtime="20230726 14:05:35.038"/>
</kw>
<status status="PASS" starttime="20230726 14:05:29.119" endtime="20230726 14:05:35.038"/>
</test>
<test id="s1-t2" name="Log out of the system" line="48">
<kw name="Open login page">
<kw name="Open Browser" library="SeleniumLibrary">
<arg>${LOGIN URL}</arg>
<arg>${BROWSER}</arg>
<doc>Opens a new browser instance to the optional ``url``.</doc>
<msg timestamp="20230726 14:05:35.038" level="INFO">Opening browser 'Chrome' to base url 'https://scouts-test.futbolkolektyw.pl/en'.</msg>
<status status="PASS" starttime="20230726 14:05:35.038" endtime="20230726 14:05:36.675"/>
</kw>
<kw name="Title Should Be" library="SeleniumLibrary">
<arg>Scouts panel - sign in</arg>
<doc>Verifies that the current page title equals ``title``.</doc>
<msg timestamp="20230726 14:05:36.691" level="INFO">Page title is 'Scouts panel - sign in'.</msg>
<status status="PASS" starttime="20230726 14:05:36.675" endtime="20230726 14:05:36.691"/>
</kw>
<status status="PASS" starttime="20230726 14:05:35.038" endtime="20230726 14:05:36.691"/>
</kw>
<kw name="Type in email">
<kw name="Input Text" library="SeleniumLibrary">
<arg>${EMAILINPUT}</arg>
<arg>user10@getnada.com</arg>
<doc>Types the given ``text`` into the text field identified by ``locator``.</doc>
<msg timestamp="20230726 14:05:36.691" level="INFO">Typing text 'user10@getnada.com' into text field 'xpath=//*[@id='login']'.</msg>
<status status="PASS" starttime="20230726 14:05:36.691" endtime="20230726 14:05:36.976"/>
</kw>
<status status="PASS" starttime="20230726 14:05:36.691" endtime="20230726 14:05:36.976"/>
</kw>
<kw name="Type in password">
<kw name="Input Text" library="SeleniumLibrary">
<arg>${PASSWORDINPUT}</arg>
<arg>Test-1234</arg>
<doc>Types the given ``text`` into the text field identified by ``locator``.</doc>
<msg timestamp="20230726 14:05:36.977" level="INFO">Typing text 'Test-1234' into text field 'xpath=//*[@id='password']'.</msg>
<status status="PASS" starttime="20230726 14:05:36.977" endtime="20230726 14:05:37.125"/>
</kw>
<status status="PASS" starttime="20230726 14:05:36.977" endtime="20230726 14:05:37.125"/>
</kw>
<kw name="Click on the Submit button">
<kw name="Click Element" library="SeleniumLibrary">
<arg>${SIGNINBUTTON}</arg>
<doc>Click the element identified by ``locator``.</doc>
<msg timestamp="20230726 14:05:37.126" level="INFO">Clicking element 'xpath=//*[(text()= 'Sign in')]'.</msg>
<status status="PASS" starttime="20230726 14:05:37.126" endtime="20230726 14:05:37.171"/>
</kw>
<status status="PASS" starttime="20230726 14:05:37.126" endtime="20230726 14:05:37.171"/>
</kw>
<kw name="Assert dashboard">
<kw name="Wait Until Element Is Visible" library="SeleniumLibrary">
<arg>${PAGELOGO}</arg>
<doc>Waits until the element ``locator`` is visible.</doc>
<status status="PASS" starttime="20230726 14:05:37.171" endtime="20230726 14:05:38.880"/>
</kw>
<kw name="Title Should Be" library="SeleniumLibrary">
<arg>Scouts panel</arg>
<doc>Verifies that the current page title equals ``title``.</doc>
<msg timestamp="20230726 14:05:38.891" level="INFO">Page title is 'Scouts panel'.</msg>
<status status="PASS" starttime="20230726 14:05:38.880" endtime="20230726 14:05:38.891"/>
</kw>
<kw name="Capture Page Screenshot" library="SeleniumLibrary">
<arg>alert.png</arg>
<doc>Takes a screenshot of the current page and embeds it into a log file.</doc>
<msg timestamp="20230726 14:05:39.038" level="INFO" html="true">&lt;/td&gt;&lt;/tr&gt;&lt;tr&gt;&lt;td colspan="3"&gt;&lt;a href="alert.png"&gt;&lt;img src="alert.png" width="800px"&gt;&lt;/a&gt;</msg>
<status status="PASS" starttime="20230726 14:05:38.891" endtime="20230726 14:05:39.038"/>
</kw>
<status status="PASS" starttime="20230726 14:05:37.171" endtime="20230726 14:05:39.038"/>
</kw>
<kw name="Click on the Logout Button">
<kw name="Click Element" library="SeleniumLibrary">
<arg>${LOGOUTBUTTON}</arg>
<doc>Click the element identified by ``locator``.</doc>
<msg timestamp="20230726 14:05:39.038" level="INFO">Clicking element 'xpath=//div[@role='presentation']/ul[2]/div[2]/div[2]/span[1]'.</msg>
<status status="PASS" starttime="20230726 14:05:39.038" endtime="20230726 14:05:39.110"/>
</kw>
<status status="PASS" starttime="20230726 14:05:39.038" endtime="20230726 14:05:39.110"/>
</kw>
<kw name="Close Browser" library="SeleniumLibrary" type="TEARDOWN">
<doc>Closes the current browser.</doc>
<status status="PASS" starttime="20230726 14:05:39.110" endtime="20230726 14:05:41.233"/>
</kw>
<status status="PASS" starttime="20230726 14:05:35.038" endtime="20230726 14:05:41.233"/>
</test>
<test id="s1-t3" name="Add player page" line="57">
<kw name="Open login page">
<kw name="Open Browser" library="SeleniumLibrary">
<arg>${LOGIN URL}</arg>
<arg>${BROWSER}</arg>
<doc>Opens a new browser instance to the optional ``url``.</doc>
<msg timestamp="20230726 14:05:41.233" level="INFO">Opening browser 'Chrome' to base url 'https://scouts-test.futbolkolektyw.pl/en'.</msg>
<status status="PASS" starttime="20230726 14:05:41.233" endtime="20230726 14:05:45.011"/>
</kw>
<kw name="Title Should Be" library="SeleniumLibrary">
<arg>Scouts panel - sign in</arg>
<doc>Verifies that the current page title equals ``title``.</doc>
<msg timestamp="20230726 14:05:45.019" level="INFO">Page title is 'Scouts panel - sign in'.</msg>
<status status="PASS" starttime="20230726 14:05:45.011" endtime="20230726 14:05:45.019"/>
</kw>
<status status="PASS" starttime="20230726 14:05:41.233" endtime="20230726 14:05:45.019"/>
</kw>
<kw name="Type in email">
<kw name="Input Text" library="SeleniumLibrary">
<arg>${EMAILINPUT}</arg>
<arg>user10@getnada.com</arg>
<doc>Types the given ``text`` into the text field identified by ``locator``.</doc>
<msg timestamp="20230726 14:05:45.019" level="INFO">Typing text 'user10@getnada.com' into text field 'xpath=//*[@id='login']'.</msg>
<status status="PASS" starttime="20230726 14:05:45.019" endtime="20230726 14:05:45.211"/>
</kw>
<status status="PASS" starttime="20230726 14:05:45.019" endtime="20230726 14:05:45.211"/>
</kw>
<kw name="Type in password">
<kw name="Input Text" library="SeleniumLibrary">
<arg>${PASSWORDINPUT}</arg>
<arg>Test-1234</arg>
<doc>Types the given ``text`` into the text field identified by ``locator``.</doc>
<msg timestamp="20230726 14:05:45.219" level="INFO">Typing text 'Test-1234' into text field 'xpath=//*[@id='password']'.</msg>
<status status="PASS" starttime="20230726 14:05:45.219" endtime="20230726 14:05:45.347"/>
</kw>
<status status="PASS" starttime="20230726 14:05:45.211" endtime="20230726 14:05:45.347"/>
</kw>
<kw name="Click on the Submit button">
<kw name="Click Element" library="SeleniumLibrary">
<arg>${SIGNINBUTTON}</arg>
<doc>Click the element identified by ``locator``.</doc>
<msg timestamp="20230726 14:05:45.347" level="INFO">Clicking element 'xpath=//*[(text()= 'Sign in')]'.</msg>
<status status="PASS" starttime="20230726 14:05:45.347" endtime="20230726 14:05:45.403"/>
</kw>
<status status="PASS" starttime="20230726 14:05:45.347" endtime="20230726 14:05:45.403"/>
</kw>
<kw name="Assert dashboard">
<kw name="Wait Until Element Is Visible" library="SeleniumLibrary">
<arg>${PAGELOGO}</arg>
<doc>Waits until the element ``locator`` is visible.</doc>
<status status="PASS" starttime="20230726 14:05:45.403" endtime="20230726 14:05:48.799"/>
</kw>
<kw name="Title Should Be" library="SeleniumLibrary">
<arg>Scouts panel</arg>
<doc>Verifies that the current page title equals ``title``.</doc>
<msg timestamp="20230726 14:05:48.799" level="INFO">Page title is 'Scouts panel'.</msg>
<status status="PASS" starttime="20230726 14:05:48.799" endtime="20230726 14:05:48.799"/>
</kw>
<kw name="Capture Page Screenshot" library="SeleniumLibrary">
<arg>alert.png</arg>
<doc>Takes a screenshot of the current page and embeds it into a log file.</doc>
<msg timestamp="20230726 14:05:48.945" level="INFO" html="true">&lt;/td&gt;&lt;/tr&gt;&lt;tr&gt;&lt;td colspan="3"&gt;&lt;a href="alert.png"&gt;&lt;img src="alert.png" width="800px"&gt;&lt;/a&gt;</msg>
<status status="PASS" starttime="20230726 14:05:48.799" endtime="20230726 14:05:48.945"/>
</kw>
<status status="PASS" starttime="20230726 14:05:45.403" endtime="20230726 14:05:48.945"/>
</kw>
<kw name="Click Element" library="SeleniumLibrary">
<arg>${ADDPLAYERBUTTON}</arg>
<doc>Click the element identified by ``locator``.</doc>
<msg timestamp="20230726 14:05:48.945" level="INFO">Clicking element 'xpath=//main/div[3]/div[2]/div[1]/div[1]/a/button'.</msg>
<status status="PASS" starttime="20230726 14:05:48.945" endtime="20230726 14:05:49.002"/>
</kw>
<kw name="Assert player page">
<kw name="Wait Until Element Is Visible" library="SeleniumLibrary">
<arg>${ADDPLAYERPAGELOGO}</arg>
<doc>Waits until the element ``locator`` is visible.</doc>
<status status="PASS" starttime="20230726 14:05:49.010" endtime="20230726 14:05:49.116"/>
</kw>
<kw name="Title Should Be" library="SeleniumLibrary">
<arg>Add player</arg>
<doc>Verifies that the current page title equals ``title``.</doc>
<msg timestamp="20230726 14:05:49.132" level="INFO">Page title is 'Add player'.</msg>
<status status="PASS" starttime="20230726 14:05:49.116" endtime="20230726 14:05:49.132"/>
</kw>
<kw name="Capture Page Screenshot" library="SeleniumLibrary">
<arg>alert.png</arg>
<doc>Takes a screenshot of the current page and embeds it into a log file.</doc>
<msg timestamp="20230726 14:05:49.236" level="INFO" html="true">&lt;/td&gt;&lt;/tr&gt;&lt;tr&gt;&lt;td colspan="3"&gt;&lt;a href="alert.png"&gt;&lt;img src="alert.png" width="800px"&gt;&lt;/a&gt;</msg>
<status status="PASS" starttime="20230726 14:05:49.132" endtime="20230726 14:05:49.236"/>
</kw>
<status status="PASS" starttime="20230726 14:05:49.010" endtime="20230726 14:05:49.236"/>
</kw>
<kw name="Close Browser" library="SeleniumLibrary" type="TEARDOWN">
<doc>Closes the current browser.</doc>
<status status="PASS" starttime="20230726 14:05:49.244" endtime="20230726 14:05:51.389"/>
</kw>
<status status="PASS" starttime="20230726 14:05:41.233" endtime="20230726 14:05:51.389"/>
</test>
<test id="s1-t4" name="Add player form" line="67">
<kw name="Open login page">
<kw name="Open Browser" library="SeleniumLibrary">
<arg>${LOGIN URL}</arg>
<arg>${BROWSER}</arg>
<doc>Opens a new browser instance to the optional ``url``.</doc>
<msg timestamp="20230726 14:05:51.389" level="INFO">Opening browser 'Chrome' to base url 'https://scouts-test.futbolkolektyw.pl/en'.</msg>
<status status="PASS" starttime="20230726 14:05:51.389" endtime="20230726 14:05:53.299"/>
</kw>
<kw name="Title Should Be" library="SeleniumLibrary">
<arg>Scouts panel - sign in</arg>
<doc>Verifies that the current page title equals ``title``.</doc>
<msg timestamp="20230726 14:05:53.307" level="INFO">Page title is 'Scouts panel - sign in'.</msg>
<status status="PASS" starttime="20230726 14:05:53.299" endtime="20230726 14:05:53.307"/>
</kw>
<status status="PASS" starttime="20230726 14:05:51.389" endtime="20230726 14:05:53.307"/>
</kw>
<kw name="Type in email">
<kw name="Input Text" library="SeleniumLibrary">
<arg>${EMAILINPUT}</arg>
<arg>user10@getnada.com</arg>
<doc>Types the given ``text`` into the text field identified by ``locator``.</doc>
<msg timestamp="20230726 14:05:53.309" level="INFO">Typing text 'user10@getnada.com' into text field 'xpath=//*[@id='login']'.</msg>
<status status="PASS" starttime="20230726 14:05:53.308" endtime="20230726 14:05:53.524"/>
</kw>
<status status="PASS" starttime="20230726 14:05:53.308" endtime="20230726 14:05:53.524"/>
</kw>
<kw name="Type in password">
<kw name="Input Text" library="SeleniumLibrary">
<arg>${PASSWORDINPUT}</arg>
<arg>Test-1234</arg>
<doc>Types the given ``text`` into the text field identified by ``locator``.</doc>
<msg timestamp="20230726 14:05:53.524" level="INFO">Typing text 'Test-1234' into text field 'xpath=//*[@id='password']'.</msg>
<status status="PASS" starttime="20230726 14:05:53.524" endtime="20230726 14:05:53.652"/>
</kw>
<status status="PASS" starttime="20230726 14:05:53.524" endtime="20230726 14:05:53.652"/>
</kw>
<kw name="Click on the Submit button">
<kw name="Click Element" library="SeleniumLibrary">
<arg>${SIGNINBUTTON}</arg>
<doc>Click the element identified by ``locator``.</doc>
<msg timestamp="20230726 14:05:53.652" level="INFO">Clicking element 'xpath=//*[(text()= 'Sign in')]'.</msg>
<status status="PASS" starttime="20230726 14:05:53.652" endtime="20230726 14:05:53.717"/>
</kw>
<status status="PASS" starttime="20230726 14:05:53.652" endtime="20230726 14:05:53.717"/>
</kw>
<kw name="Assert dashboard">
<kw name="Wait Until Element Is Visible" library="SeleniumLibrary">
<arg>${PAGELOGO}</arg>
<doc>Waits until the element ``locator`` is visible.</doc>
<status status="PASS" starttime="20230726 14:05:53.717" endtime="20230726 14:05:55.007"/>
</kw>
<kw name="Title Should Be" library="SeleniumLibrary">
<arg>Scouts panel</arg>
<doc>Verifies that the current page title equals ``title``.</doc>
<msg timestamp="20230726 14:05:55.015" level="INFO">Page title is 'Scouts panel'.</msg>
<status status="PASS" starttime="20230726 14:05:55.007" endtime="20230726 14:05:55.015"/>
</kw>
<kw name="Capture Page Screenshot" library="SeleniumLibrary">
<arg>alert.png</arg>
<doc>Takes a screenshot of the current page and embeds it into a log file.</doc>
<msg timestamp="20230726 14:05:55.129" level="INFO" html="true">&lt;/td&gt;&lt;/tr&gt;&lt;tr&gt;&lt;td colspan="3"&gt;&lt;a href="alert.png"&gt;&lt;img src="alert.png" width="800px"&gt;&lt;/a&gt;</msg>
<status status="PASS" starttime="20230726 14:05:55.015" endtime="20230726 14:05:55.129"/>
</kw>
<status status="PASS" starttime="20230726 14:05:53.717" endtime="20230726 14:05:55.129"/>
</kw>
<kw name="Click Element" library="SeleniumLibrary">
<arg>${ADDPLAYERBUTTON}</arg>
<doc>Click the element identified by ``locator``.</doc>
<msg timestamp="20230726 14:05:55.137" level="INFO">Clicking element 'xpath=//main/div[3]/div[2]/div[1]/div[1]/a/button'.</msg>
<status status="PASS" starttime="20230726 14:05:55.129" endtime="20230726 14:05:55.193"/>
</kw>
<kw name="Assert player page">
<kw name="Wait Until Element Is Visible" library="SeleniumLibrary">
<arg>${ADDPLAYERPAGELOGO}</arg>
<doc>Waits until the element ``locator`` is visible.</doc>
<status status="PASS" starttime="20230726 14:05:55.193" endtime="20230726 14:05:55.291"/>
</kw>
<kw name="Title Should Be" library="SeleniumLibrary">
<arg>Add player</arg>
<doc>Verifies that the current page title equals ``title``.</doc>
<msg timestamp="20230726 14:05:55.299" level="INFO">Page title is 'Add player'.</msg>
<status status="PASS" starttime="20230726 14:05:55.291" endtime="20230726 14:05:55.299"/>
</kw>
<kw name="Capture Page Screenshot" library="SeleniumLibrary">
<arg>alert.png</arg>
<doc>Takes a screenshot of the current page and embeds it into a log file.</doc>
<msg timestamp="20230726 14:05:55.420" level="INFO" html="true">&lt;/td&gt;&lt;/tr&gt;&lt;tr&gt;&lt;td colspan="3"&gt;&lt;a href="alert.png"&gt;&lt;img src="alert.png" width="800px"&gt;&lt;/a&gt;</msg>
<status status="PASS" starttime="20230726 14:05:55.299" endtime="20230726 14:05:55.420"/>
</kw>
<status status="PASS" starttime="20230726 14:05:55.193" endtime="20230726 14:05:55.420"/>
</kw>
<kw name="Type in Player Email">
<kw name="Input Text" library="SeleniumLibrary">
<arg>${PLAYEREMAIL}</arg>
<arg>smith@gmail.com</arg>
<doc>Types the given ``text`` into the text field identified by ``locator``.</doc>
<msg timestamp="20230726 14:05:55.420" level="INFO">Typing text 'smith@gmail.com' into text field 'xpath=//*[@name='email']'.</msg>
<status status="PASS" starttime="20230726 14:05:55.420" endtime="20230726 14:05:55.575"/>
</kw>
<status status="PASS" starttime="20230726 14:05:55.420" endtime="20230726 14:05:55.575"/>
</kw>
<kw name="Type in Player Name">
<kw name="Input Text" library="SeleniumLibrary">
<arg>${PLAYERNAME}</arg>
<arg>Kevin</arg>
<doc>Types the given ``text`` into the text field identified by ``locator``.</doc>
<msg timestamp="20230726 14:05:55.575" level="INFO">Typing text 'Kevin' into text field 'xpath=//*[@name='name']'.</msg>
<status status="PASS" starttime="20230726 14:05:55.575" endtime="20230726 14:05:55.689"/>
</kw>
<status status="PASS" starttime="20230726 14:05:55.575" endtime="20230726 14:05:55.689"/>
</kw>
<kw name="Type in Player Surname">
<kw name="Input Text" library="SeleniumLibrary">
<arg>${PLAYERSURNAME}</arg>
<arg>Smith</arg>
<doc>Types the given ``text`` into the text field identified by ``locator``.</doc>
<msg timestamp="20230726 14:05:55.689" level="INFO">Typing text 'Smith' into text field 'xpath=//*[@name='surname']'.</msg>
<status status="PASS" starttime="20230726 14:05:55.689" endtime="20230726 14:05:55.818"/>
</kw>
<status status="PASS" starttime="20230726 14:05:55.689" endtime="20230726 14:05:55.826"/>
</kw>
<kw name="Type in Player Phone">
<kw name="Input Text" library="SeleniumLibrary">
<arg>${PHONE}</arg>
<arg>+48 500 600 700</arg>
<doc>Types the given ``text`` into the text field identified by ``locator``.</doc>
<msg timestamp="20230726 14:05:55.826" level="INFO">Typing text '+48 500 600 700' into text field 'xpath=//*[@name='phone']'.</msg>
<status status="PASS" starttime="20230726 14:05:55.826" endtime="20230726 14:05:55.982"/>
</kw>
<status status="PASS" starttime="20230726 14:05:55.826" endtime="20230726 14:05:55.982"/>
</kw>
<kw name="Type in Player Weight">
<kw name="Input Text" library="SeleniumLibrary">
<arg>${WEIGHT}</arg>
<arg>70</arg>
<doc>Types the given ``text`` into the text field identified by ``locator``.</doc>
<msg timestamp="20230726 14:05:55.982" level="INFO">Typing text '70' into text field 'xpath=//*[@name='weight']'.</msg>
<status status="PASS" starttime="20230726 14:05:55.982" endtime="20230726 14:05:56.088"/>
</kw>
<status status="PASS" starttime="20230726 14:05:55.982" endtime="20230726 14:05:56.088"/>
</kw>
<kw name="Type in Player Height">
<kw name="Input Text" library="SeleniumLibrary">
<arg>${HEIGHT}</arg>
<arg>178</arg>
<doc>Types the given ``text`` into the text field identified by ``locator``.</doc>
<msg timestamp="20230726 14:05:56.096" level="INFO">Typing text '178' into text field 'xpath=//*[@name='height']'.</msg>
<status status="PASS" starttime="20230726 14:05:56.088" endtime="20230726 14:05:56.202"/>
</kw>
<status status="PASS" starttime="20230726 14:05:56.088" endtime="20230726 14:05:56.202"/>
</kw>
<kw name="Type in Player Age">
<kw name="Input Text" library="SeleniumLibrary">
<arg>${PLAYERAGE}</arg>
<arg>22.04.2000</arg>
<doc>Types the given ``text`` into the text field identified by ``locator``.</doc>
<msg timestamp="20230726 14:05:56.202" level="INFO">Typing text '22.04.2000' into text field 'xpath=//*[@name='age']'.</msg>
<status status="PASS" starttime="20230726 14:05:56.202" endtime="20230726 14:05:56.308"/>
</kw>
<status status="PASS" starttime="20230726 14:05:56.202" endtime="20230726 14:05:56.308"/>
</kw>
<kw name="Click Element" library="SeleniumLibrary">
<arg>${LEGSELECT}</arg>
<doc>Click the element identified by ``locator``.</doc>
<msg timestamp="20230726 14:05:56.308" level="INFO">Clicking element 'xpath=//*[@id='mui-component-select-leg']'.</msg>
<status status="PASS" starttime="20230726 14:05:56.308" endtime="20230726 14:05:56.396"/>
</kw>
<kw name="Wait Until Element Is Visible" library="SeleniumLibrary">
<arg>${RIGHTLEG}</arg>
<doc>Waits until the element ``locator`` is visible.</doc>
<status status="PASS" starttime="20230726 14:05:56.396" endtime="20230726 14:05:56.436"/>
</kw>
<kw name="Click Element" library="SeleniumLibrary">
<arg>${RIGHTLEG}</arg>
<doc>Click the element identified by ``locator``.</doc>
<msg timestamp="20230726 14:05:56.436" level="INFO">Clicking element 'xpath=//ul[@role='listbox']/li[1]'.</msg>
<status status="PASS" starttime="20230726 14:05:56.436" endtime="20230726 14:05:56.518"/>
</kw>
<kw name="Type in Club Name">
<kw name="Input Text" library="SeleniumLibrary">
<arg>${CLUBNAME}</arg>
<arg>Nebraska</arg>
<doc>Types the given ``text`` into the text field identified by ``locator``.</doc>
<msg timestamp="20230726 14:05:56.518" level="INFO">Typing text 'Nebraska' into text field 'xpath=//*[@name='club']'.</msg>
<status status="PASS" starttime="20230726 14:05:56.518" endtime="20230726 14:05:56.646"/>
</kw>
<status status="PASS" starttime="20230726 14:05:56.518" endtime="20230726 14:05:56.646"/>
</kw>
<kw name="Type in Player Level">
<kw name="Input Text" library="SeleniumLibrary">
<arg>${PLAYERLEVEL}</arg>
<arg>Junior</arg>
<doc>Types the given ``text`` into the text field identified by ``locator``.</doc>
<msg timestamp="20230726 14:05:56.646" level="INFO">Typing text 'Junior' into text field 'xpath=//*[@name='level']'.</msg>
<status status="PASS" starttime="20230726 14:05:56.646" endtime="20230726 14:05:56.784"/>
</kw>
<status status="PASS" starttime="20230726 14:05:56.646" endtime="20230726 14:05:56.784"/>
</kw>
<kw name="Type in Player Main Position">
<kw name="Input Text" library="SeleniumLibrary">
<arg>${MAINPOSITION}</arg>
<arg>Striker</arg>
<doc>Types the given ``text`` into the text field identified by ``locator``.</doc>
<msg timestamp="20230726 14:05:56.784" level="INFO">Typing text 'Striker' into text field 'xpath=//*[@name='mainPosition']'.</msg>
<status status="PASS" starttime="20230726 14:05:56.784" endtime="20230726 14:05:56.922"/>
</kw>
<status status="PASS" starttime="20230726 14:05:56.784" endtime="20230726 14:05:56.922"/>
</kw>
<kw name="Type in Player Second Position">
<kw name="Input Text" library="SeleniumLibrary">
<arg>${SECONDPOSITION}</arg>
<arg>Goalkeeper</arg>
<doc>Types the given ``text`` into the text field identified by ``locator``.</doc>
<msg timestamp="20230726 14:05:56.922" level="INFO">Typing text 'Goalkeeper' into text field 'xpath=//*[@name='secondPosition']'.</msg>
<status status="PASS" starttime="20230726 14:05:56.922" endtime="20230726 14:05:57.075"/>
</kw>
<status status="PASS" starttime="20230726 14:05:56.922" endtime="20230726 14:05:57.075"/>
</kw>
<kw name="Click Element" library="SeleniumLibrary">
<arg>${DISTRICTSELECT}</arg>
<doc>Click the element identified by ``locator``.</doc>
<msg timestamp="20230726 14:05:57.075" level="INFO">Clicking element 'xpath=//*[@id='mui-component-select-district']'.</msg>
<status status="PASS" starttime="20230726 14:05:57.075" endtime="20230726 14:05:57.180"/>
</kw>
<kw name="Scroll Element Into View" library="SeleniumLibrary">
<arg>${DISTRICTSILESIA}</arg>
<doc>Scrolls the element identified by ``locator`` into view.</doc>
<status status="PASS" starttime="20230726 14:05:57.180" endtime="20230726 14:05:57.475"/>
</kw>
<kw name="Click Element" library="SeleniumLibrary">
<arg>${DISTRICTSILESIA}</arg>
<doc>Click the element identified by ``locator``.</doc>
<msg timestamp="20230726 14:05:57.475" level="INFO">Clicking element 'xpath=//li[@data-value='slaskie']'.</msg>
<status status="PASS" starttime="20230726 14:05:57.475" endtime="20230726 14:05:57.544"/>
</kw>
<kw name="Type in Achievement">
<kw name="Input Text" library="SeleniumLibrary">
<arg>${ACHIEVEMENT}</arg>
<arg>None</arg>
<doc>Types the given ``text`` into the text field identified by ``locator``.</doc>
<msg timestamp="20230726 14:05:57.547" level="INFO">Typing text 'None' into text field 'xpath=//*[@name='achievements']'.</msg>
<status status="PASS" starttime="20230726 14:05:57.544" endtime="20230726 14:05:57.667"/>
</kw>
<status status="PASS" starttime="20230726 14:05:57.544" endtime="20230726 14:05:57.667"/>
</kw>
<kw name="Click Element" library="SeleniumLibrary">
<arg>${LANGUAGEBUTTON}</arg>
<doc>Click the element identified by ``locator``.</doc>
<msg timestamp="20230726 14:05:57.667" level="INFO">Clicking element 'xpath=//main/div[2]/form/div[2]/div[1]/div[15]/button/span[1]'.</msg>
<status status="PASS" starttime="20230726 14:05:57.667" endtime="20230726 14:05:57.947"/>
</kw>
<kw name="Type in Language">
<kw name="Input Text" library="SeleniumLibrary">
<arg>${LANGUAGEINPUT}</arg>
<arg>English</arg>
<doc>Types the given ``text`` into the text field identified by ``locator``.</doc>
<msg timestamp="20230726 14:05:57.947" level="INFO">Typing text 'English' into text field 'xpath=//*[@name='languages[0]']'.</msg>
<status status="PASS" starttime="20230726 14:05:57.947" endtime="20230726 14:05:58.091"/>
</kw>
<status status="PASS" starttime="20230726 14:05:57.947" endtime="20230726 14:05:58.091"/>
</kw>
<kw name="Click Element" library="SeleniumLibrary">
<arg>${YOUTUBEBUTTON}</arg>
<doc>Click the element identified by ``locator``.</doc>
<msg timestamp="20230726 14:05:58.091" level="INFO">Clicking element 'xpath=//*[contains(@class, 'MuiGrid-root')]/div[19]/button/span[1]'.</msg>
<status status="PASS" starttime="20230726 14:05:58.091" endtime="20230726 14:05:58.163"/>
</kw>
<kw name="Click Element" library="SeleniumLibrary">
<arg>${YOUTUBEINPUT}</arg>
<doc>Click the element identified by ``locator``.</doc>
<msg timestamp="20230726 14:05:58.171" level="INFO">Clicking element 'xpath=//*[@name='webYT[0]']'.</msg>
<status status="PASS" starttime="20230726 14:05:58.171" endtime="20230726 14:05:58.251"/>
</kw>
<kw name="Type in YouTube Link">
<kw name="Input Text" library="SeleniumLibrary">
<arg>${YOUTUBEINPUT}</arg>
<arg>www.youtube.com</arg>
<doc>Types the given ``text`` into the text field identified by ``locator``.</doc>
<msg timestamp="20230726 14:05:58.259" level="INFO">Typing text 'www.youtube.com' into text field 'xpath=//*[@name='webYT[0]']'.</msg>
<status status="PASS" starttime="20230726 14:05:58.251" endtime="20230726 14:05:58.403"/>
</kw>
<status status="PASS" starttime="20230726 14:05:58.251" endtime="20230726 14:05:58.403"/>
</kw>
<kw name="Click Element" library="SeleniumLibrary">
<arg>${SUBMITBUTTON}</arg>
<doc>Click the element identified by ``locator``.</doc>
<msg timestamp="20230726 14:05:58.403" level="INFO">Clicking element 'xpath=//*[@type='submit']/span[1]'.</msg>
<status status="PASS" starttime="20230726 14:05:58.403" endtime="20230726 14:05:58.499"/>
</kw>
<kw name="Close Browser" library="SeleniumLibrary" type="TEARDOWN">
<doc>Closes the current browser.</doc>
<status status="PASS" starttime="20230726 14:05:58.499" endtime="20230726 14:06:00.671"/>
</kw>
<status status="PASS" starttime="20230726 14:05:51.389" endtime="20230726 14:06:00.671"/>
</test>
<test id="s1-t5" name="Change language" line="101">
<kw name="Open login page">
<kw name="Open Browser" library="SeleniumLibrary">
<arg>${LOGIN URL}</arg>
<arg>${BROWSER}</arg>
<doc>Opens a new browser instance to the optional ``url``.</doc>
<msg timestamp="20230726 14:06:00.671" level="INFO">Opening browser 'Chrome' to base url 'https://scouts-test.futbolkolektyw.pl/en'.</msg>
<status status="PASS" starttime="20230726 14:06:00.671" endtime="20230726 14:06:02.452"/>
</kw>
<kw name="Title Should Be" library="SeleniumLibrary">
<arg>Scouts panel - sign in</arg>
<doc>Verifies that the current page title equals ``title``.</doc>
<msg timestamp="20230726 14:06:02.453" level="INFO">Page title is 'Scouts panel - sign in'.</msg>
<status status="PASS" starttime="20230726 14:06:02.452" endtime="20230726 14:06:02.460"/>
</kw>
<status status="PASS" starttime="20230726 14:06:00.671" endtime="20230726 14:06:02.460"/>
</kw>
<kw name="Type in email">
<kw name="Input Text" library="SeleniumLibrary">
<arg>${EMAILINPUT}</arg>
<arg>user10@getnada.com</arg>
<doc>Types the given ``text`` into the text field identified by ``locator``.</doc>
<msg timestamp="20230726 14:06:02.460" level="INFO">Typing text 'user10@getnada.com' into text field 'xpath=//*[@id='login']'.</msg>
<status status="PASS" starttime="20230726 14:06:02.460" endtime="20230726 14:06:02.803"/>
</kw>
<status status="PASS" starttime="20230726 14:06:02.460" endtime="20230726 14:06:02.803"/>
</kw>
<kw name="Type in password">
<kw name="Input Text" library="SeleniumLibrary">
<arg>${PASSWORDINPUT}</arg>
<arg>Test-1234</arg>
<doc>Types the given ``text`` into the text field identified by ``locator``.</doc>
<msg timestamp="20230726 14:06:02.805" level="INFO">Typing text 'Test-1234' into text field 'xpath=//*[@id='password']'.</msg>
<status status="PASS" starttime="20230726 14:06:02.804" endtime="20230726 14:06:02.970"/>
</kw>
<status status="PASS" starttime="20230726 14:06:02.803" endtime="20230726 14:06:02.970"/>
</kw>
<kw name="Click on the Submit button">
<kw name="Click Element" library="SeleniumLibrary">
<arg>${SIGNINBUTTON}</arg>
<doc>Click the element identified by ``locator``.</doc>
<msg timestamp="20230726 14:06:02.979" level="INFO">Clicking element 'xpath=//*[(text()= 'Sign in')]'.</msg>
<status status="PASS" starttime="20230726 14:06:02.979" endtime="20230726 14:06:03.036"/>
</kw>
<status status="PASS" starttime="20230726 14:06:02.979" endtime="20230726 14:06:03.036"/>
</kw>
<kw name="Assert dashboard">
<kw name="Wait Until Element Is Visible" library="SeleniumLibrary">
<arg>${PAGELOGO}</arg>
<doc>Waits until the element ``locator`` is visible.</doc>
<status status="PASS" starttime="20230726 14:06:03.036" endtime="20230726 14:06:04.349"/>
</kw>
<kw name="Title Should Be" library="SeleniumLibrary">
<arg>Scouts panel</arg>
<doc>Verifies that the current page title equals ``title``.</doc>
<msg timestamp="20230726 14:06:04.357" level="INFO">Page title is 'Scouts panel'.</msg>
<status status="PASS" starttime="20230726 14:06:04.349" endtime="20230726 14:06:04.357"/>
</kw>
<kw name="Capture Page Screenshot" library="SeleniumLibrary">
<arg>alert.png</arg>
<doc>Takes a screenshot of the current page and embeds it into a log file.</doc>
<msg timestamp="20230726 14:06:04.493" level="INFO" html="true">&lt;/td&gt;&lt;/tr&gt;&lt;tr&gt;&lt;td colspan="3"&gt;&lt;a href="alert.png"&gt;&lt;img src="alert.png" width="800px"&gt;&lt;/a&gt;</msg>
<status status="PASS" starttime="20230726 14:06:04.357" endtime="20230726 14:06:04.493"/>
</kw>
<status status="PASS" starttime="20230726 14:06:03.036" endtime="20230726 14:06:04.493"/>
</kw>
<kw name="Click Language Button">
<kw name="Click Element" library="SeleniumLibrary">
<arg>${CHANGELANGUAGE}</arg>
<doc>Click the element identified by ``locator``.</doc>
<msg timestamp="20230726 14:06:04.493" level="INFO">Clicking element 'xpath=//div[@role='presentation']/ul[2]/div[1]/div[2]/span[1]'.</msg>
<status status="PASS" starttime="20230726 14:06:04.493" endtime="20230726 14:06:04.573"/>
</kw>
<status status="PASS" starttime="20230726 14:06:04.493" endtime="20230726 14:06:04.573"/>
</kw>
<kw name="Close Browser" library="SeleniumLibrary" type="TEARDOWN">
<doc>Closes the current browser.</doc>
<status status="PASS" starttime="20230726 14:06:04.573" endtime="20230726 14:06:06.715"/>
</kw>
<status status="PASS" starttime="20230726 14:06:00.671" endtime="20230726 14:06:06.715"/>
</test>
<doc>Suite description #automated testes for scout website</doc>
<status status="PASS" starttime="20230726 14:05:28.894" endtime="20230726 14:06:06.715"/>
</suite>
<statistics>
<total>
<stat pass="5" fail="0" skip="0">All Tests</stat>
</total>
<tag>
</tag>
<suite>
<stat pass="5" fail="0" skip="0" id="s1" name="Test Login Rf">Test Login Rf</stat>
</suite>
</statistics>
<errors>
</errors>
</robot>
