<?xml version="1.0" encoding="UTF-8"?>
<robot generator="Robot 6.1 (Python 3.11.2 on win32)" generated="20230726 20:41:33.903" rpa="false" schemaversion="4">
<suite id="s1" name="Test Login Rf" source="C:\Users\valcr\OneDrive\Dokumenty\GitHub\panelscout_robotframework\test_login_rf.robot">
<test id="s1-t1" name="Login to the system" line="40">
<kw name="Open login page">
<kw name="Open Browser" library="SeleniumLibrary">
<arg>${LOGIN URL}</arg>
<arg>${BROWSER}</arg>
<doc>Opens a new browser instance to the optional ``url``.</doc>
<msg timestamp="20230726 20:41:34.129" level="INFO">Opening browser 'Chrome' to base url 'https://scouts-test.futbolkolektyw.pl/en'.</msg>
<status status="PASS" starttime="20230726 20:41:34.128" endtime="20230726 20:41:35.593"/>
</kw>
<kw name="Title Should Be" library="SeleniumLibrary">
<arg>Scouts panel - sign in</arg>
<doc>Verifies that the current page title equals ``title``.</doc>
<msg timestamp="20230726 20:41:35.603" level="INFO">Page title is 'Scouts panel - sign in'.</msg>
<status status="PASS" starttime="20230726 20:41:35.593" endtime="20230726 20:41:35.603"/>
</kw>
<status status="PASS" starttime="20230726 20:41:34.128" endtime="20230726 20:41:35.603"/>
</kw>
<kw name="Type in email">
<kw name="Input Text" library="SeleniumLibrary">
<arg>${EMAILINPUT}</arg>
<arg>user10@getnada.com</arg>
<doc>Types the given ``text`` into the text field identified by ``locator``.</doc>
<msg timestamp="20230726 20:41:35.605" level="INFO">Typing text 'user10@getnada.com' into text field 'xpath=//*[@id='login']'.</msg>
<status status="PASS" starttime="20230726 20:41:35.604" endtime="20230726 20:41:35.811"/>
</kw>
<status status="PASS" starttime="20230726 20:41:35.603" endtime="20230726 20:41:35.811"/>
</kw>
<kw name="Type in password">
<kw name="Input Text" library="SeleniumLibrary">
<arg>${PASSWORDINPUT}</arg>
<arg>Test-1234</arg>
<doc>Types the given ``text`` into the text field identified by ``locator``.</doc>
<msg timestamp="20230726 20:41:35.814" level="INFO">Typing text 'Test-1234' into text field 'xpath=//*[@id='password']'.</msg>
<status status="PASS" starttime="20230726 20:41:35.813" endtime="20230726 20:41:35.954"/>
</kw>
<status status="PASS" starttime="20230726 20:41:35.813" endtime="20230726 20:41:35.954"/>
</kw>
<kw name="Click on the Submit button">
<kw name="Click Element" library="SeleniumLibrary">
<arg>${SIGNINBUTTON}</arg>
<doc>Click the element identified by ``locator``.</doc>
<msg timestamp="20230726 20:41:35.955" level="INFO">Clicking element 'xpath=//*[(text()= 'Sign in')]'.</msg>
<status status="PASS" starttime="20230726 20:41:35.955" endtime="20230726 20:41:36.022"/>
</kw>
<status status="PASS" starttime="20230726 20:41:35.954" endtime="20230726 20:41:36.022"/>
</kw>
<kw name="Assert dashboard">
<kw name="Wait Until Element Is Visible" library="SeleniumLibrary">
<arg>${PAGELOGO}</arg>
<doc>Waits until the element ``locator`` is visible.</doc>
<status status="PASS" starttime="20230726 20:41:36.023" endtime="20230726 20:41:38.412"/>
</kw>
<kw name="Title Should Be" library="SeleniumLibrary">
<arg>Scouts panel</arg>
<doc>Verifies that the current page title equals ``title``.</doc>
<msg timestamp="20230726 20:41:38.417" level="INFO">Page title is 'Scouts panel'.</msg>
<status status="PASS" starttime="20230726 20:41:38.412" endtime="20230726 20:41:38.417"/>
</kw>
<kw name="Capture Page Screenshot" library="SeleniumLibrary">
<arg>alert.png</arg>
<doc>Takes a screenshot of the current page and embeds it into a log file.</doc>
<msg timestamp="20230726 20:41:38.569" level="INFO" html="true">&lt;/td&gt;&lt;/tr&gt;&lt;tr&gt;&lt;td colspan="3"&gt;&lt;a href="alert.png"&gt;&lt;img src="alert.png" width="800px"&gt;&lt;/a&gt;</msg>
<status status="PASS" starttime="20230726 20:41:38.417" endtime="20230726 20:41:38.569"/>
</kw>
<status status="PASS" starttime="20230726 20:41:36.023" endtime="20230726 20:41:38.569"/>
</kw>
<kw name="Close Browser" library="SeleniumLibrary" type="TEARDOWN">
<doc>Closes the current browser.</doc>
<status status="PASS" starttime="20230726 20:41:38.569" endtime="20230726 20:41:40.683"/>
</kw>
<status status="PASS" starttime="20230726 20:41:34.127" endtime="20230726 20:41:40.684"/>
</test>
<test id="s1-t2" name="Log out of the system" line="48">
<kw name="Open login page">
<kw name="Open Browser" library="SeleniumLibrary">
<arg>${LOGIN URL}</arg>
<arg>${BROWSER}</arg>
<doc>Opens a new browser instance to the optional ``url``.</doc>
<msg timestamp="20230726 20:41:40.686" level="INFO">Opening browser 'Chrome' to base url 'https://scouts-test.futbolkolektyw.pl/en'.</msg>
<status status="PASS" starttime="20230726 20:41:40.686" endtime="20230726 20:41:42.274"/>
</kw>
<kw name="Title Should Be" library="SeleniumLibrary">
<arg>Scouts panel - sign in</arg>
<doc>Verifies that the current page title equals ``title``.</doc>
<msg timestamp="20230726 20:41:42.282" level="INFO">Page title is 'Scouts panel - sign in'.</msg>
<status status="PASS" starttime="20230726 20:41:42.275" endtime="20230726 20:41:42.282"/>
</kw>
<status status="PASS" starttime="20230726 20:41:40.685" endtime="20230726 20:41:42.282"/>
</kw>
<kw name="Type in email">
<kw name="Input Text" library="SeleniumLibrary">
<arg>${EMAILINPUT}</arg>
<arg>user10@getnada.com</arg>
<doc>Types the given ``text`` into the text field identified by ``locator``.</doc>
<msg timestamp="20230726 20:41:42.283" level="INFO">Typing text 'user10@getnada.com' into text field 'xpath=//*[@id='login']'.</msg>
<status status="PASS" starttime="20230726 20:41:42.283" endtime="20230726 20:41:42.506"/>
</kw>
<status status="PASS" starttime="20230726 20:41:42.282" endtime="20230726 20:41:42.506"/>
</kw>
<kw name="Type in password">
<kw name="Input Text" library="SeleniumLibrary">
<arg>${PASSWORDINPUT}</arg>
<arg>Test-1234</arg>
<doc>Types the given ``text`` into the text field identified by ``locator``.</doc>
<msg timestamp="20230726 20:41:42.507" level="INFO">Typing text 'Test-1234' into text field 'xpath=//*[@id='password']'.</msg>
<status status="PASS" starttime="20230726 20:41:42.506" endtime="20230726 20:41:42.679"/>
</kw>
<status status="PASS" starttime="20230726 20:41:42.506" endtime="20230726 20:41:42.679"/>
</kw>
<kw name="Click on the Submit button">
<kw name="Click Element" library="SeleniumLibrary">
<arg>${SIGNINBUTTON}</arg>
<doc>Click the element identified by ``locator``.</doc>
<msg timestamp="20230726 20:41:42.680" level="INFO">Clicking element 'xpath=//*[(text()= 'Sign in')]'.</msg>
<status status="PASS" starttime="20230726 20:41:42.679" endtime="20230726 20:41:42.731"/>
</kw>
<status status="PASS" starttime="20230726 20:41:42.679" endtime="20230726 20:41:42.731"/>
</kw>
<kw name="Assert dashboard">
<kw name="Wait Until Element Is Visible" library="SeleniumLibrary">
<arg>${PAGELOGO}</arg>
<doc>Waits until the element ``locator`` is visible.</doc>
<status status="PASS" starttime="20230726 20:41:42.731" endtime="20230726 20:41:45.274"/>
</kw>
<kw name="Title Should Be" library="SeleniumLibrary">
<arg>Scouts panel</arg>
<doc>Verifies that the current page title equals ``title``.</doc>
<msg timestamp="20230726 20:41:45.278" level="INFO">Page title is 'Scouts panel'.</msg>
<status status="PASS" starttime="20230726 20:41:45.274" endtime="20230726 20:41:45.278"/>
</kw>
<kw name="Capture Page Screenshot" library="SeleniumLibrary">
<arg>alert.png</arg>
<doc>Takes a screenshot of the current page and embeds it into a log file.</doc>
<msg timestamp="20230726 20:41:45.391" level="INFO" html="true">&lt;/td&gt;&lt;/tr&gt;&lt;tr&gt;&lt;td colspan="3"&gt;&lt;a href="alert.png"&gt;&lt;img src="alert.png" width="800px"&gt;&lt;/a&gt;</msg>
<status status="PASS" starttime="20230726 20:41:45.278" endtime="20230726 20:41:45.391"/>
</kw>
<status status="PASS" starttime="20230726 20:41:42.731" endtime="20230726 20:41:45.391"/>
</kw>
<kw name="Click on the Logout Button">
<kw name="Click Element" library="SeleniumLibrary">
<arg>${LOGOUTBUTTON}</arg>
<doc>Click the element identified by ``locator``.</doc>
<msg timestamp="20230726 20:41:45.392" level="INFO">Clicking element 'xpath=//div[@role='presentation']/ul[2]/div[2]/div[2]/span[1]'.</msg>
<status status="PASS" starttime="20230726 20:41:45.392" endtime="20230726 20:41:45.457"/>
</kw>
<status status="PASS" starttime="20230726 20:41:45.392" endtime="20230726 20:41:45.457"/>
</kw>
<kw name="Close Browser" library="SeleniumLibrary" type="TEARDOWN">
<doc>Closes the current browser.</doc>
<status status="PASS" starttime="20230726 20:41:45.457" endtime="20230726 20:41:47.580"/>
</kw>
<status status="PASS" starttime="20230726 20:41:40.685" endtime="20230726 20:41:47.581"/>
</test>
<test id="s1-t3" name="Login to the system with invalid data" line="57">
<kw name="Open login page">
<kw name="Open Browser" library="SeleniumLibrary">
<arg>${LOGIN URL}</arg>
<arg>${BROWSER}</arg>
<doc>Opens a new browser instance to the optional ``url``.</doc>
<msg timestamp="20230726 20:41:47.583" level="INFO">Opening browser 'Chrome' to base url 'https://scouts-test.futbolkolektyw.pl/en'.</msg>
<status status="PASS" starttime="20230726 20:41:47.583" endtime="20230726 20:41:49.104"/>
</kw>
<kw name="Title Should Be" library="SeleniumLibrary">
<arg>Scouts panel - sign in</arg>
<doc>Verifies that the current page title equals ``title``.</doc>
<msg timestamp="20230726 20:41:49.112" level="INFO">Page title is 'Scouts panel - sign in'.</msg>
<status status="PASS" starttime="20230726 20:41:49.105" endtime="20230726 20:41:49.113"/>
</kw>
<status status="PASS" starttime="20230726 20:41:47.582" endtime="20230726 20:41:49.113"/>
</kw>
<kw name="Type in invalid email">
<kw name="Input Text" library="SeleniumLibrary">
<arg>${EMAILINPUT}</arg>
<arg>user10@getnada.co</arg>
<doc>Types the given ``text`` into the text field identified by ``locator``.</doc>
<msg timestamp="20230726 20:41:49.114" level="INFO">Typing text 'user10@getnada.co' into text field 'xpath=//*[@id='login']'.</msg>
<status status="PASS" starttime="20230726 20:41:49.113" endtime="20230726 20:41:49.368"/>
</kw>
<status status="PASS" starttime="20230726 20:41:49.113" endtime="20230726 20:41:49.368"/>
</kw>
<kw name="Type in password">
<kw name="Input Text" library="SeleniumLibrary">
<arg>${PASSWORDINPUT}</arg>
<arg>Test-1234</arg>
<doc>Types the given ``text`` into the text field identified by ``locator``.</doc>
<msg timestamp="20230726 20:41:49.369" level="INFO">Typing text 'Test-1234' into text field 'xpath=//*[@id='password']'.</msg>
<status status="PASS" starttime="20230726 20:41:49.368" endtime="20230726 20:41:49.481"/>
</kw>
<status status="PASS" starttime="20230726 20:41:49.368" endtime="20230726 20:41:49.481"/>
</kw>
<kw name="Click on the Submit button">
<kw name="Click Element" library="SeleniumLibrary">
<arg>${SIGNINBUTTON}</arg>
<doc>Click the element identified by ``locator``.</doc>
<msg timestamp="20230726 20:41:49.483" level="INFO">Clicking element 'xpath=//*[(text()= 'Sign in')]'.</msg>
<status status="PASS" starttime="20230726 20:41:49.483" endtime="20230726 20:41:49.535"/>
</kw>
<status status="PASS" starttime="20230726 20:41:49.481" endtime="20230726 20:41:49.535"/>
</kw>
<kw name="Asser actual info">
<kw name="Wait Until Element Is Visible" library="SeleniumLibrary">
<arg>${ACTUALINFO}</arg>
<doc>Waits until the element ``locator`` is visible.</doc>
<status status="PASS" starttime="20230726 20:41:49.536" endtime="20230726 20:41:49.771"/>
</kw>
<kw name="Element Text Should Be" library="SeleniumLibrary">
<arg>${ACTUALINFO}</arg>
<arg>Identifier or password invalid.</arg>
<doc>Verifies that element ``locator`` contains exact the text ``expected``.</doc>
<msg timestamp="20230726 20:41:49.772" level="INFO">Verifying element 'xpath=//div[@id="__next"]/form/div/div/div[3]/span[1]' contains exact text 'Identifier or password invalid.'.</msg>
<status status="PASS" starttime="20230726 20:41:49.771" endtime="20230726 20:41:49.795"/>
</kw>
<kw name="Capture Page Screenshot" library="SeleniumLibrary">
<arg>alert.png</arg>
<doc>Takes a screenshot of the current page and embeds it into a log file.</doc>
<msg timestamp="20230726 20:41:49.944" level="INFO" html="true">&lt;/td&gt;&lt;/tr&gt;&lt;tr&gt;&lt;td colspan="3"&gt;&lt;a href="alert.png"&gt;&lt;img src="alert.png" width="800px"&gt;&lt;/a&gt;</msg>
<status status="PASS" starttime="20230726 20:41:49.795" endtime="20230726 20:41:49.944"/>
</kw>
<status status="PASS" starttime="20230726 20:41:49.535" endtime="20230726 20:41:49.944"/>
</kw>
<kw name="Close Browser" library="SeleniumLibrary" type="TEARDOWN">
<doc>Closes the current browser.</doc>
<status status="PASS" starttime="20230726 20:41:49.945" endtime="20230726 20:41:52.041"/>
</kw>
<status status="PASS" starttime="20230726 20:41:47.582" endtime="20230726 20:41:52.041"/>
</test>
<test id="s1-t4" name="Login to the system without data" line="65">
<kw name="Open login page">
<kw name="Open Browser" library="SeleniumLibrary">
<arg>${LOGIN URL}</arg>
<arg>${BROWSER}</arg>
<doc>Opens a new browser instance to the optional ``url``.</doc>
<msg timestamp="20230726 20:41:52.043" level="INFO">Opening browser 'Chrome' to base url 'https://scouts-test.futbolkolektyw.pl/en'.</msg>
<status status="PASS" starttime="20230726 20:41:52.043" endtime="20230726 20:41:53.605"/>
</kw>
<kw name="Title Should Be" library="SeleniumLibrary">
<arg>Scouts panel - sign in</arg>
<doc>Verifies that the current page title equals ``title``.</doc>
<msg timestamp="20230726 20:41:53.612" level="INFO">Page title is 'Scouts panel - sign in'.</msg>
<status status="PASS" starttime="20230726 20:41:53.605" endtime="20230726 20:41:53.612"/>
</kw>
<status status="PASS" starttime="20230726 20:41:52.043" endtime="20230726 20:41:53.612"/>
</kw>
<kw name="Click on the Submit button">
<kw name="Click Element" library="SeleniumLibrary">
<arg>${SIGNINBUTTON}</arg>
<doc>Click the element identified by ``locator``.</doc>
<msg timestamp="20230726 20:41:53.613" level="INFO">Clicking element 'xpath=//*[(text()= 'Sign in')]'.</msg>
<status status="PASS" starttime="20230726 20:41:53.613" endtime="20230726 20:41:53.686"/>
</kw>
<status status="PASS" starttime="20230726 20:41:53.612" endtime="20230726 20:41:53.687"/>
</kw>
<kw name="Assert actual info login without data">
<kw name="Wait Until Element Is Visible" library="SeleniumLibrary">
<arg>${ACTUALINFO}</arg>
<doc>Waits until the element ``locator`` is visible.</doc>
<status status="PASS" starttime="20230726 20:41:53.687" endtime="20230726 20:41:54.974"/>
</kw>
<kw name="Element Text Should Be" library="SeleniumLibrary">
<arg>${ACTUALINFO}</arg>
<arg>Please provide your username or your e-mail.</arg>
<doc>Verifies that element ``locator`` contains exact the text ``expected``.</doc>
<msg timestamp="20230726 20:41:54.975" level="INFO">Verifying element 'xpath=//div[@id="__next"]/form/div/div/div[3]/span[1]' contains exact text 'Please provide your username or your e-mail.'.</msg>
<status status="PASS" starttime="20230726 20:41:54.974" endtime="20230726 20:41:54.998"/>
</kw>
<kw name="Capture Page Screenshot" library="SeleniumLibrary">
<arg>alert.png</arg>
<doc>Takes a screenshot of the current page and embeds it into a log file.</doc>
<msg timestamp="20230726 20:41:55.094" level="INFO" html="true">&lt;/td&gt;&lt;/tr&gt;&lt;tr&gt;&lt;td colspan="3"&gt;&lt;a href="alert.png"&gt;&lt;img src="alert.png" width="800px"&gt;&lt;/a&gt;</msg>
<status status="PASS" starttime="20230726 20:41:54.998" endtime="20230726 20:41:55.095"/>
</kw>
<status status="PASS" starttime="20230726 20:41:53.687" endtime="20230726 20:41:55.095"/>
</kw>
<kw name="Close Browser" library="SeleniumLibrary" type="TEARDOWN">
<doc>Closes the current browser.</doc>
<status status="PASS" starttime="20230726 20:41:55.095" endtime="20230726 20:41:57.183"/>
</kw>
<status status="PASS" starttime="20230726 20:41:52.043" endtime="20230726 20:41:57.184"/>
</test>
<test id="s1-t5" name="Add player page" line="71">
<kw name="Open login page">
<kw name="Open Browser" library="SeleniumLibrary">
<arg>${LOGIN URL}</arg>
<arg>${BROWSER}</arg>
<doc>Opens a new browser instance to the optional ``url``.</doc>
<msg timestamp="20230726 20:41:57.186" level="INFO">Opening browser 'Chrome' to base url 'https://scouts-test.futbolkolektyw.pl/en'.</msg>
<status status="PASS" starttime="20230726 20:41:57.185" endtime="20230726 20:41:58.852"/>
</kw>
<kw name="Title Should Be" library="SeleniumLibrary">
<arg>Scouts panel - sign in</arg>
<doc>Verifies that the current page title equals ``title``.</doc>
<msg timestamp="20230726 20:41:58.865" level="INFO">Page title is 'Scouts panel - sign in'.</msg>
<status status="PASS" starttime="20230726 20:41:58.853" endtime="20230726 20:41:58.865"/>
</kw>
<status status="PASS" starttime="20230726 20:41:57.185" endtime="20230726 20:41:58.866"/>
</kw>
<kw name="Type in email">
<kw name="Input Text" library="SeleniumLibrary">
<arg>${EMAILINPUT}</arg>
<arg>user10@getnada.com</arg>
<doc>Types the given ``text`` into the text field identified by ``locator``.</doc>
<msg timestamp="20230726 20:41:58.867" level="INFO">Typing text 'user10@getnada.com' into text field 'xpath=//*[@id='login']'.</msg>
<status status="PASS" starttime="20230726 20:41:58.866" endtime="20230726 20:41:59.053"/>
</kw>
<status status="PASS" starttime="20230726 20:41:58.866" endtime="20230726 20:41:59.053"/>
</kw>
<kw name="Type in password">
<kw name="Input Text" library="SeleniumLibrary">
<arg>${PASSWORDINPUT}</arg>
<arg>Test-1234</arg>
<doc>Types the given ``text`` into the text field identified by ``locator``.</doc>
<msg timestamp="20230726 20:41:59.055" level="INFO">Typing text 'Test-1234' into text field 'xpath=//*[@id='password']'.</msg>
<status status="PASS" starttime="20230726 20:41:59.054" endtime="20230726 20:41:59.173"/>
</kw>
<status status="PASS" starttime="20230726 20:41:59.054" endtime="20230726 20:41:59.173"/>
</kw>
<kw name="Click on the Submit button">
<kw name="Click Element" library="SeleniumLibrary">
<arg>${SIGNINBUTTON}</arg>
<doc>Click the element identified by ``locator``.</doc>
<msg timestamp="20230726 20:41:59.174" level="INFO">Clicking element 'xpath=//*[(text()= 'Sign in')]'.</msg>
<status status="PASS" starttime="20230726 20:41:59.173" endtime="20230726 20:41:59.226"/>
</kw>
<status status="PASS" starttime="20230726 20:41:59.173" endtime="20230726 20:41:59.226"/>
</kw>
<kw name="Assert dashboard">
<kw name="Wait Until Element Is Visible" library="SeleniumLibrary">
<arg>${PAGELOGO}</arg>
<doc>Waits until the element ``locator`` is visible.</doc>
<status status="PASS" starttime="20230726 20:41:59.227" endtime="20230726 20:42:01.778"/>
</kw>
<kw name="Title Should Be" library="SeleniumLibrary">
<arg>Scouts panel</arg>
<doc>Verifies that the current page title equals ``title``.</doc>
<msg timestamp="20230726 20:42:01.785" level="INFO">Page title is 'Scouts panel'.</msg>
<status status="PASS" starttime="20230726 20:42:01.778" endtime="20230726 20:42:01.785"/>
</kw>
<kw name="Capture Page Screenshot" library="SeleniumLibrary">
<arg>alert.png</arg>
<doc>Takes a screenshot of the current page and embeds it into a log file.</doc>
<msg timestamp="20230726 20:42:01.906" level="INFO" html="true">&lt;/td&gt;&lt;/tr&gt;&lt;tr&gt;&lt;td colspan="3"&gt;&lt;a href="alert.png"&gt;&lt;img src="alert.png" width="800px"&gt;&lt;/a&gt;</msg>
<status status="PASS" starttime="20230726 20:42:01.785" endtime="20230726 20:42:01.906"/>
</kw>
<status status="PASS" starttime="20230726 20:41:59.227" endtime="20230726 20:42:01.907"/>
</kw>
<kw name="Click Element" library="SeleniumLibrary">
<arg>${ADDPLAYERBUTTON}</arg>
<doc>Click the element identified by ``locator``.</doc>
<msg timestamp="20230726 20:42:01.907" level="INFO">Clicking element 'xpath=//main/div[3]/div[2]/div[1]/div[1]/a/button'.</msg>
<status status="PASS" starttime="20230726 20:42:01.907" endtime="20230726 20:42:01.963"/>
</kw>
<kw name="Assert player page">
<kw name="Wait Until Element Is Visible" library="SeleniumLibrary">
<arg>${ADDPLAYERPAGELOGO}</arg>
<doc>Waits until the element ``locator`` is visible.</doc>
<status status="PASS" starttime="20230726 20:42:01.964" endtime="20230726 20:42:02.053"/>
</kw>
<kw name="Title Should Be" library="SeleniumLibrary">
<arg>Add player</arg>
<doc>Verifies that the current page title equals ``title``.</doc>
<msg timestamp="20230726 20:42:02.059" level="INFO">Page title is 'Add player'.</msg>
<status status="PASS" starttime="20230726 20:42:02.053" endtime="20230726 20:42:02.059"/>
</kw>
<kw name="Capture Page Screenshot" library="SeleniumLibrary">
<arg>alert.png</arg>
<doc>Takes a screenshot of the current page and embeds it into a log file.</doc>
<msg timestamp="20230726 20:42:02.166" level="INFO" html="true">&lt;/td&gt;&lt;/tr&gt;&lt;tr&gt;&lt;td colspan="3"&gt;&lt;a href="alert.png"&gt;&lt;img src="alert.png" width="800px"&gt;&lt;/a&gt;</msg>
<status status="PASS" starttime="20230726 20:42:02.059" endtime="20230726 20:42:02.166"/>
</kw>
<status status="PASS" starttime="20230726 20:42:01.964" endtime="20230726 20:42:02.166"/>
</kw>
<kw name="Close Browser" library="SeleniumLibrary" type="TEARDOWN">
<doc>Closes the current browser.</doc>
<status status="PASS" starttime="20230726 20:42:02.167" endtime="20230726 20:42:04.312"/>
</kw>
<status status="PASS" starttime="20230726 20:41:57.185" endtime="20230726 20:42:04.313"/>
</test>
<test id="s1-t6" name="Add player form" line="81">
<kw name="Open login page">
<kw name="Open Browser" library="SeleniumLibrary">
<arg>${LOGIN URL}</arg>
<arg>${BROWSER}</arg>
<doc>Opens a new browser instance to the optional ``url``.</doc>
<msg timestamp="20230726 20:42:04.315" level="INFO">Opening browser 'Chrome' to base url 'https://scouts-test.futbolkolektyw.pl/en'.</msg>
<status status="PASS" starttime="20230726 20:42:04.314" endtime="20230726 20:42:05.857"/>
</kw>
<kw name="Title Should Be" library="SeleniumLibrary">
<arg>Scouts panel - sign in</arg>
<doc>Verifies that the current page title equals ``title``.</doc>
<msg timestamp="20230726 20:42:05.867" level="INFO">Page title is 'Scouts panel - sign in'.</msg>
<status status="PASS" starttime="20230726 20:42:05.857" endtime="20230726 20:42:05.868"/>
</kw>
<status status="PASS" starttime="20230726 20:42:04.314" endtime="20230726 20:42:05.868"/>
</kw>
<kw name="Type in email">
<kw name="Input Text" library="SeleniumLibrary">
<arg>${EMAILINPUT}</arg>
<arg>user10@getnada.com</arg>
<doc>Types the given ``text`` into the text field identified by ``locator``.</doc>
<msg timestamp="20230726 20:42:05.873" level="INFO">Typing text 'user10@getnada.com' into text field 'xpath=//*[@id='login']'.</msg>
<status status="PASS" starttime="20230726 20:42:05.872" endtime="20230726 20:42:06.120"/>
</kw>
<status status="PASS" starttime="20230726 20:42:05.871" endtime="20230726 20:42:06.120"/>
</kw>
<kw name="Type in password">
<kw name="Input Text" library="SeleniumLibrary">
<arg>${PASSWORDINPUT}</arg>
<arg>Test-1234</arg>
<doc>Types the given ``text`` into the text field identified by ``locator``.</doc>
<msg timestamp="20230726 20:42:06.122" level="INFO">Typing text 'Test-1234' into text field 'xpath=//*[@id='password']'.</msg>
<status status="PASS" starttime="20230726 20:42:06.121" endtime="20230726 20:42:06.294"/>
</kw>
<status status="PASS" starttime="20230726 20:42:06.121" endtime="20230726 20:42:06.295"/>
</kw>
<kw name="Click on the Submit button">
<kw name="Click Element" library="SeleniumLibrary">
<arg>${SIGNINBUTTON}</arg>
<doc>Click the element identified by ``locator``.</doc>
<msg timestamp="20230726 20:42:06.296" level="INFO">Clicking element 'xpath=//*[(text()= 'Sign in')]'.</msg>
<status status="PASS" starttime="20230726 20:42:06.295" endtime="20230726 20:42:06.358"/>
</kw>
<status status="PASS" starttime="20230726 20:42:06.295" endtime="20230726 20:42:06.358"/>
</kw>
<kw name="Assert dashboard">
<kw name="Wait Until Element Is Visible" library="SeleniumLibrary">
<arg>${PAGELOGO}</arg>
<doc>Waits until the element ``locator`` is visible.</doc>
<status status="PASS" starttime="20230726 20:42:06.359" endtime="20230726 20:42:07.854"/>
</kw>
<kw name="Title Should Be" library="SeleniumLibrary">
<arg>Scouts panel</arg>
<doc>Verifies that the current page title equals ``title``.</doc>
<msg timestamp="20230726 20:42:07.860" level="INFO">Page title is 'Scouts panel'.</msg>
<status status="PASS" starttime="20230726 20:42:07.854" endtime="20230726 20:42:07.860"/>
</kw>
<kw name="Capture Page Screenshot" library="SeleniumLibrary">
<arg>alert.png</arg>
<doc>Takes a screenshot of the current page and embeds it into a log file.</doc>
<msg timestamp="20230726 20:42:07.975" level="INFO" html="true">&lt;/td&gt;&lt;/tr&gt;&lt;tr&gt;&lt;td colspan="3"&gt;&lt;a href="alert.png"&gt;&lt;img src="alert.png" width="800px"&gt;&lt;/a&gt;</msg>
<status status="PASS" starttime="20230726 20:42:07.860" endtime="20230726 20:42:07.975"/>
</kw>
<status status="PASS" starttime="20230726 20:42:06.359" endtime="20230726 20:42:07.975"/>
</kw>
<kw name="Click Element" library="SeleniumLibrary">
<arg>${ADDPLAYERBUTTON}</arg>
<doc>Click the element identified by ``locator``.</doc>
<msg timestamp="20230726 20:42:07.976" level="INFO">Clicking element 'xpath=//main/div[3]/div[2]/div[1]/div[1]/a/button'.</msg>
<status status="PASS" starttime="20230726 20:42:07.976" endtime="20230726 20:42:08.027"/>
</kw>
<kw name="Assert player page">
<kw name="Wait Until Element Is Visible" library="SeleniumLibrary">
<arg>${ADDPLAYERPAGELOGO}</arg>
<doc>Waits until the element ``locator`` is visible.</doc>
<status status="PASS" starttime="20230726 20:42:08.028" endtime="20230726 20:42:08.116"/>
</kw>
<kw name="Title Should Be" library="SeleniumLibrary">
<arg>Add player</arg>
<doc>Verifies that the current page title equals ``title``.</doc>
<msg timestamp="20230726 20:42:08.122" level="INFO">Page title is 'Add player'.</msg>
<status status="PASS" starttime="20230726 20:42:08.116" endtime="20230726 20:42:08.122"/>
</kw>
<kw name="Capture Page Screenshot" library="SeleniumLibrary">
<arg>alert.png</arg>
<doc>Takes a screenshot of the current page and embeds it into a log file.</doc>
<msg timestamp="20230726 20:42:08.247" level="INFO" html="true">&lt;/td&gt;&lt;/tr&gt;&lt;tr&gt;&lt;td colspan="3"&gt;&lt;a href="alert.png"&gt;&lt;img src="alert.png" width="800px"&gt;&lt;/a&gt;</msg>
<status status="PASS" starttime="20230726 20:42:08.122" endtime="20230726 20:42:08.247"/>
</kw>
<status status="PASS" starttime="20230726 20:42:08.028" endtime="20230726 20:42:08.247"/>
</kw>
<kw name="Type in Player Email">
<kw name="Input Text" library="SeleniumLibrary">
<arg>${PLAYEREMAIL}</arg>
<arg>smith@gmail.com</arg>
<doc>Types the given ``text`` into the text field identified by ``locator``.</doc>
<msg timestamp="20230726 20:42:08.249" level="INFO">Typing text 'smith@gmail.com' into text field 'xpath=//*[@name='email']'.</msg>
<status status="PASS" starttime="20230726 20:42:08.247" endtime="20230726 20:42:08.398"/>
</kw>
<status status="PASS" starttime="20230726 20:42:08.247" endtime="20230726 20:42:08.398"/>
</kw>
<kw name="Type in Player Name">
<kw name="Input Text" library="SeleniumLibrary">
<arg>${PLAYERNAME}</arg>
<arg>Kevin</arg>
<doc>Types the given ``text`` into the text field identified by ``locator``.</doc>
<msg timestamp="20230726 20:42:08.398" level="INFO">Typing text 'Kevin' into text field 'xpath=//*[@name='name']'.</msg>
<status status="PASS" starttime="20230726 20:42:08.398" endtime="20230726 20:42:08.514"/>
</kw>
<status status="PASS" starttime="20230726 20:42:08.398" endtime="20230726 20:42:08.514"/>
</kw>
<kw name="Type in Player Surname">
<kw name="Input Text" library="SeleniumLibrary">
<arg>${PLAYERSURNAME}</arg>
<arg>Smith</arg>
<doc>Types the given ``text`` into the text field identified by ``locator``.</doc>
<msg timestamp="20230726 20:42:08.515" level="INFO">Typing text 'Smith' into text field 'xpath=//*[@name='surname']'.</msg>
<status status="PASS" starttime="20230726 20:42:08.515" endtime="20230726 20:42:08.631"/>
</kw>
<status status="PASS" starttime="20230726 20:42:08.514" endtime="20230726 20:42:08.631"/>
</kw>
<kw name="Type in Player Phone">
<kw name="Input Text" library="SeleniumLibrary">
<arg>${PHONE}</arg>
<arg>+48 500 600 700</arg>
<doc>Types the given ``text`` into the text field identified by ``locator``.</doc>
<msg timestamp="20230726 20:42:08.632" level="INFO">Typing text '+48 500 600 700' into text field 'xpath=//*[@name='phone']'.</msg>
<status status="PASS" starttime="20230726 20:42:08.631" endtime="20230726 20:42:08.761"/>
</kw>
<status status="PASS" starttime="20230726 20:42:08.631" endtime="20230726 20:42:08.761"/>
</kw>
<kw name="Type in Player Weight">
<kw name="Input Text" library="SeleniumLibrary">
<arg>${WEIGHT}</arg>
<arg>70</arg>
<doc>Types the given ``text`` into the text field identified by ``locator``.</doc>
<msg timestamp="20230726 20:42:08.762" level="INFO">Typing text '70' into text field 'xpath=//*[@name='weight']'.</msg>
<status status="PASS" starttime="20230726 20:42:08.761" endtime="20230726 20:42:08.856"/>
</kw>
<status status="PASS" starttime="20230726 20:42:08.761" endtime="20230726 20:42:08.856"/>
</kw>
<kw name="Type in Player Height">
<kw name="Input Text" library="SeleniumLibrary">
<arg>${HEIGHT}</arg>
<arg>178</arg>
<doc>Types the given ``text`` into the text field identified by ``locator``.</doc>
<msg timestamp="20230726 20:42:08.857" level="INFO">Typing text '178' into text field 'xpath=//*[@name='height']'.</msg>
<status status="PASS" starttime="20230726 20:42:08.857" endtime="20230726 20:42:08.958"/>
</kw>
<status status="PASS" starttime="20230726 20:42:08.856" endtime="20230726 20:42:08.959"/>
</kw>
<kw name="Type in Player Age">
<kw name="Input Text" library="SeleniumLibrary">
<arg>${PLAYERAGE}</arg>
<arg>22.04.2000</arg>
<doc>Types the given ``text`` into the text field identified by ``locator``.</doc>
<msg timestamp="20230726 20:42:08.960" level="INFO">Typing text '22.04.2000' into text field 'xpath=//*[@name='age']'.</msg>
<status status="PASS" starttime="20230726 20:42:08.959" endtime="20230726 20:42:09.064"/>
</kw>
<status status="PASS" starttime="20230726 20:42:08.959" endtime="20230726 20:42:09.064"/>
</kw>
<kw name="Click Element" library="SeleniumLibrary">
<arg>${LEGSELECT}</arg>
<doc>Click the element identified by ``locator``.</doc>
<msg timestamp="20230726 20:42:09.065" level="INFO">Clicking element 'xpath=//*[@id='mui-component-select-leg']'.</msg>
<status status="PASS" starttime="20230726 20:42:09.065" endtime="20230726 20:42:09.127"/>
</kw>
<kw name="Wait Until Element Is Visible" library="SeleniumLibrary">
<arg>${RIGHTLEG}</arg>
<doc>Waits until the element ``locator`` is visible.</doc>
<status status="PASS" starttime="20230726 20:42:09.127" endtime="20230726 20:42:09.154"/>
</kw>
<kw name="Click Element" library="SeleniumLibrary">
<arg>${RIGHTLEG}</arg>
<doc>Click the element identified by ``locator``.</doc>
<msg timestamp="20230726 20:42:09.155" level="INFO">Clicking element 'xpath=//ul[@role='listbox']/li[1]'.</msg>
<status status="PASS" starttime="20230726 20:42:09.154" endtime="20230726 20:42:09.222"/>
</kw>
<kw name="Type in Club Name">
<kw name="Input Text" library="SeleniumLibrary">
<arg>${CLUBNAME}</arg>
<arg>Nebraska</arg>
<doc>Types the given ``text`` into the text field identified by ``locator``.</doc>
<msg timestamp="20230726 20:42:09.223" level="INFO">Typing text 'Nebraska' into text field 'xpath=//*[@name='club']'.</msg>
<status status="PASS" starttime="20230726 20:42:09.223" endtime="20230726 20:42:09.359"/>
</kw>
<status status="PASS" starttime="20230726 20:42:09.222" endtime="20230726 20:42:09.359"/>
</kw>
<kw name="Type in Player Level">
<kw name="Input Text" library="SeleniumLibrary">
<arg>${PLAYERLEVEL}</arg>
<arg>Junior</arg>
<doc>Types the given ``text`` into the text field identified by ``locator``.</doc>
<msg timestamp="20230726 20:42:09.360" level="INFO">Typing text 'Junior' into text field 'xpath=//*[@name='level']'.</msg>
<status status="PASS" starttime="20230726 20:42:09.360" endtime="20230726 20:42:09.487"/>
</kw>
<status status="PASS" starttime="20230726 20:42:09.360" endtime="20230726 20:42:09.487"/>
</kw>
<kw name="Type in Player Main Position">
<kw name="Input Text" library="SeleniumLibrary">
<arg>${MAINPOSITION}</arg>
<arg>Striker</arg>
<doc>Types the given ``text`` into the text field identified by ``locator``.</doc>
<msg timestamp="20230726 20:42:09.489" level="INFO">Typing text 'Striker' into text field 'xpath=//*[@name='mainPosition']'.</msg>
<status status="PASS" starttime="20230726 20:42:09.488" endtime="20230726 20:42:09.612"/>
</kw>
<status status="PASS" starttime="20230726 20:42:09.488" endtime="20230726 20:42:09.612"/>
</kw>
<kw name="Type in Player Second Position">
<kw name="Input Text" library="SeleniumLibrary">
<arg>${SECONDPOSITION}</arg>
<arg>Goalkeeper</arg>
<doc>Types the given ``text`` into the text field identified by ``locator``.</doc>
<msg timestamp="20230726 20:42:09.613" level="INFO">Typing text 'Goalkeeper' into text field 'xpath=//*[@name='secondPosition']'.</msg>
<status status="PASS" starttime="20230726 20:42:09.613" endtime="20230726 20:42:09.730"/>
</kw>
<status status="PASS" starttime="20230726 20:42:09.613" endtime="20230726 20:42:09.732"/>
</kw>
<kw name="Click Element" library="SeleniumLibrary">
<arg>${DISTRICTSELECT}</arg>
<doc>Click the element identified by ``locator``.</doc>
<msg timestamp="20230726 20:42:09.732" level="INFO">Clicking element 'xpath=//*[@id='mui-component-select-district']'.</msg>
<status status="PASS" starttime="20230726 20:42:09.732" endtime="20230726 20:42:09.799"/>
</kw>
<kw name="Scroll Element Into View" library="SeleniumLibrary">
<arg>${DISTRICTSILESIA}</arg>
<doc>Scrolls the element identified by ``locator`` into view.</doc>
<status status="PASS" starttime="20230726 20:42:09.799" endtime="20230726 20:42:10.101"/>
</kw>
<kw name="Click Element" library="SeleniumLibrary">
<arg>${DISTRICTSILESIA}</arg>
<doc>Click the element identified by ``locator``.</doc>
<msg timestamp="20230726 20:42:10.102" level="INFO">Clicking element 'xpath=//li[@data-value='slaskie']'.</msg>
<status status="PASS" starttime="20230726 20:42:10.101" endtime="20230726 20:42:10.162"/>
</kw>
<kw name="Type in Achievement">
<kw name="Input Text" library="SeleniumLibrary">
<arg>${ACHIEVEMENT}</arg>
<arg>None</arg>
<doc>Types the given ``text`` into the text field identified by ``locator``.</doc>
<msg timestamp="20230726 20:42:10.163" level="INFO">Typing text 'None' into text field 'xpath=//*[@name='achievements']'.</msg>
<status status="PASS" starttime="20230726 20:42:10.163" endtime="20230726 20:42:10.279"/>
</kw>
<status status="PASS" starttime="20230726 20:42:10.162" endtime="20230726 20:42:10.279"/>
</kw>
<kw name="Click Element" library="SeleniumLibrary">
<arg>${LANGUAGEBUTTON}</arg>
<doc>Click the element identified by ``locator``.</doc>
<msg timestamp="20230726 20:42:10.281" level="INFO">Clicking element 'xpath=//main/div[2]/form/div[2]/div[1]/div[15]/button/span[1]'.</msg>
<status status="PASS" starttime="20230726 20:42:10.280" endtime="20230726 20:42:10.541"/>
</kw>
<kw name="Type in Language">
<kw name="Input Text" library="SeleniumLibrary">
<arg>${LANGUAGEINPUT}</arg>
<arg>English</arg>
<doc>Types the given ``text`` into the text field identified by ``locator``.</doc>
<msg timestamp="20230726 20:42:10.542" level="INFO">Typing text 'English' into text field 'xpath=//*[@name='languages[0]']'.</msg>
<status status="PASS" starttime="20230726 20:42:10.542" endtime="20230726 20:42:10.668"/>
</kw>
<status status="PASS" starttime="20230726 20:42:10.542" endtime="20230726 20:42:10.668"/>
</kw>
<kw name="Click Element" library="SeleniumLibrary">
<arg>${YOUTUBEBUTTON}</arg>
<doc>Click the element identified by ``locator``.</doc>
<msg timestamp="20230726 20:42:10.670" level="INFO">Clicking element 'xpath=//*[contains(@class, 'MuiGrid-root')]/div[19]/button/span[1]'.</msg>
<status status="PASS" starttime="20230726 20:42:10.668" endtime="20230726 20:42:10.734"/>
</kw>
<kw name="Click Element" library="SeleniumLibrary">
<arg>${YOUTUBEINPUT}</arg>
<doc>Click the element identified by ``locator``.</doc>
<msg timestamp="20230726 20:42:10.735" level="INFO">Clicking element 'xpath=//*[@name='webYT[0]']'.</msg>
<status status="PASS" starttime="20230726 20:42:10.734" endtime="20230726 20:42:10.808"/>
</kw>
<kw name="Type in YouTube Link">
<kw name="Input Text" library="SeleniumLibrary">
<arg>${YOUTUBEINPUT}</arg>
<arg>www.youtube.com</arg>
<doc>Types the given ``text`` into the text field identified by ``locator``.</doc>
<msg timestamp="20230726 20:42:10.809" level="INFO">Typing text 'www.youtube.com' into text field 'xpath=//*[@name='webYT[0]']'.</msg>
<status status="PASS" starttime="20230726 20:42:10.809" endtime="20230726 20:42:10.939"/>
</kw>
<status status="PASS" starttime="20230726 20:42:10.808" endtime="20230726 20:42:10.939"/>
</kw>
<kw name="Click Element" library="SeleniumLibrary">
<arg>${SUBMITBUTTON}</arg>
<doc>Click the element identified by ``locator``.</doc>
<msg timestamp="20230726 20:42:10.941" level="INFO">Clicking element 'xpath=//*[@type='submit']/span[1]'.</msg>
<status status="PASS" starttime="20230726 20:42:10.940" endtime="20230726 20:42:11.017"/>
</kw>
<kw name="Close Browser" library="SeleniumLibrary" type="TEARDOWN">
<doc>Closes the current browser.</doc>
<status status="PASS" starttime="20230726 20:42:11.017" endtime="20230726 20:42:13.157"/>
</kw>
<status status="PASS" starttime="20230726 20:42:04.314" endtime="20230726 20:42:13.158"/>
</test>
<test id="s1-t7" name="Change language" line="115">
<kw name="Open login page">
<kw name="Open Browser" library="SeleniumLibrary">
<arg>${LOGIN URL}</arg>
<arg>${BROWSER}</arg>
<doc>Opens a new browser instance to the optional ``url``.</doc>
<msg timestamp="20230726 20:42:13.160" level="INFO">Opening browser 'Chrome' to base url 'https://scouts-test.futbolkolektyw.pl/en'.</msg>
<status status="PASS" starttime="20230726 20:42:13.159" endtime="20230726 20:42:14.791"/>
</kw>
<kw name="Title Should Be" library="SeleniumLibrary">
<arg>Scouts panel - sign in</arg>
<doc>Verifies that the current page title equals ``title``.</doc>
<msg timestamp="20230726 20:42:14.796" level="INFO">Page title is 'Scouts panel - sign in'.</msg>
<status status="PASS" starttime="20230726 20:42:14.791" endtime="20230726 20:42:14.796"/>
</kw>
<status status="PASS" starttime="20230726 20:42:13.159" endtime="20230726 20:42:14.797"/>
</kw>
<kw name="Type in email">
<kw name="Input Text" library="SeleniumLibrary">
<arg>${EMAILINPUT}</arg>
<arg>user10@getnada.com</arg>
<doc>Types the given ``text`` into the text field identified by ``locator``.</doc>
<msg timestamp="20230726 20:42:14.797" level="INFO">Typing text 'user10@getnada.com' into text field 'xpath=//*[@id='login']'.</msg>
<status status="PASS" starttime="20230726 20:42:14.797" endtime="20230726 20:42:14.979"/>
</kw>
<status status="PASS" starttime="20230726 20:42:14.797" endtime="20230726 20:42:14.979"/>
</kw>
<kw name="Type in password">
<kw name="Input Text" library="SeleniumLibrary">
<arg>${PASSWORDINPUT}</arg>
<arg>Test-1234</arg>
<doc>Types the given ``text`` into the text field identified by ``locator``.</doc>
<msg timestamp="20230726 20:42:14.980" level="INFO">Typing text 'Test-1234' into text field 'xpath=//*[@id='password']'.</msg>
<status status="PASS" starttime="20230726 20:42:14.979" endtime="20230726 20:42:15.101"/>
</kw>
<status status="PASS" starttime="20230726 20:42:14.979" endtime="20230726 20:42:15.101"/>
</kw>
<kw name="Click on the Submit button">
<kw name="Click Element" library="SeleniumLibrary">
<arg>${SIGNINBUTTON}</arg>
<doc>Click the element identified by ``locator``.</doc>
<msg timestamp="20230726 20:42:15.102" level="INFO">Clicking element 'xpath=//*[(text()= 'Sign in')]'.</msg>
<status status="PASS" starttime="20230726 20:42:15.101" endtime="20230726 20:42:15.154"/>
</kw>
<status status="PASS" starttime="20230726 20:42:15.101" endtime="20230726 20:42:15.154"/>
</kw>
<kw name="Assert dashboard">
<kw name="Wait Until Element Is Visible" library="SeleniumLibrary">
<arg>${PAGELOGO}</arg>
<doc>Waits until the element ``locator`` is visible.</doc>
<status status="PASS" starttime="20230726 20:42:15.155" endtime="20230726 20:42:19.579"/>
</kw>
<kw name="Title Should Be" library="SeleniumLibrary">
<arg>Scouts panel</arg>
<doc>Verifies that the current page title equals ``title``.</doc>
<msg timestamp="20230726 20:42:19.585" level="INFO">Page title is 'Scouts panel'.</msg>
<status status="PASS" starttime="20230726 20:42:19.579" endtime="20230726 20:42:19.585"/>
</kw>
<kw name="Capture Page Screenshot" library="SeleniumLibrary">
<arg>alert.png</arg>
<doc>Takes a screenshot of the current page and embeds it into a log file.</doc>
<msg timestamp="20230726 20:42:19.699" level="INFO" html="true">&lt;/td&gt;&lt;/tr&gt;&lt;tr&gt;&lt;td colspan="3"&gt;&lt;a href="alert.png"&gt;&lt;img src="alert.png" width="800px"&gt;&lt;/a&gt;</msg>
<status status="PASS" starttime="20230726 20:42:19.585" endtime="20230726 20:42:19.699"/>
</kw>
<status status="PASS" starttime="20230726 20:42:15.155" endtime="20230726 20:42:19.699"/>
</kw>
<kw name="Click Language Button">
<kw name="Click Element" library="SeleniumLibrary">
<arg>${CHANGELANGUAGE}</arg>
<doc>Click the element identified by ``locator``.</doc>
<msg timestamp="20230726 20:42:19.702" level="INFO">Clicking element 'xpath=//div[@role='presentation']/ul[2]/div[1]/div[2]/span[1]'.</msg>
<status status="PASS" starttime="20230726 20:42:19.701" endtime="20230726 20:42:19.784"/>
</kw>
<status status="PASS" starttime="20230726 20:42:19.701" endtime="20230726 20:42:19.784"/>
</kw>
<kw name="Close Browser" library="SeleniumLibrary" type="TEARDOWN">
<doc>Closes the current browser.</doc>
<status status="PASS" starttime="20230726 20:42:19.784" endtime="20230726 20:42:21.929"/>
</kw>
<status status="PASS" starttime="20230726 20:42:13.159" endtime="20230726 20:42:21.930"/>
</test>
<doc>Suite description #automated testes for scout website</doc>
<status status="PASS" starttime="20230726 20:41:33.904" endtime="20230726 20:42:21.931"/>
</suite>
<statistics>
<total>
<stat pass="7" fail="0" skip="0">All Tests</stat>
</total>
<tag>
</tag>
<suite>
<stat pass="7" fail="0" skip="0" id="s1" name="Test Login Rf">Test Login Rf</stat>
</suite>
</statistics>
<errors>
</errors>
</robot>
