<?xml version="1.0" encoding="UTF-8"?>
<robot generator="Robot 6.1 (Python 3.11.2 on win32)" generated="20230801 16:24:43.682" rpa="false" schemaversion="4">
<suite id="s1" name="Test Login Rf" source="C:\Users\valcr\OneDrive\Dokumenty\GitHub\panelscout_robotframework\test_login_rf.robot">
<test id="s1-t1" name="Login to the system" line="40">
<kw name="Open login page">
<kw name="Open Browser" library="SeleniumLibrary">
<arg>${LOGIN URL}</arg>
<arg>${BROWSER}</arg>
<doc>Opens a new browser instance to the optional ``url``.</doc>
<msg timestamp="20230801 16:24:43.928" level="INFO">Opening browser 'Chrome' to base url 'https://dareit.futbolkolektyw.pl/'.</msg>
<status status="PASS" starttime="20230801 16:24:43.927" endtime="20230801 16:24:46.608"/>
</kw>
<kw name="Title Should Be" library="SeleniumLibrary">
<arg>Scouts panel - zaloguj</arg>
<doc>Verifies that the current page title equals ``title``.</doc>
<msg timestamp="20230801 16:24:46.617" level="INFO">Page title is 'Scouts panel - zaloguj'.</msg>
<status status="PASS" starttime="20230801 16:24:46.610" endtime="20230801 16:24:46.617"/>
</kw>
<status status="PASS" starttime="20230801 16:24:43.927" endtime="20230801 16:24:46.617"/>
</kw>
<kw name="Type in email">
<kw name="Input Text" library="SeleniumLibrary">
<arg>${EMAILINPUT}</arg>
<arg>user10@getnada.com</arg>
<doc>Types the given ``text`` into the text field identified by ``locator``.</doc>
<msg timestamp="20230801 16:24:46.618" level="INFO">Typing text 'user10@getnada.com' into text field 'xpath=//*[@id='login']'.</msg>
<status status="PASS" starttime="20230801 16:24:46.618" endtime="20230801 16:24:46.800"/>
</kw>
<status status="PASS" starttime="20230801 16:24:46.617" endtime="20230801 16:24:46.800"/>
</kw>
<kw name="Type in password">
<kw name="Input Text" library="SeleniumLibrary">
<arg>${PASSWORDINPUT}</arg>
<arg>Test-1234</arg>
<doc>Types the given ``text`` into the text field identified by ``locator``.</doc>
<msg timestamp="20230801 16:24:46.801" level="INFO">Typing text 'Test-1234' into text field 'xpath=//*[@id='password']'.</msg>
<status status="PASS" starttime="20230801 16:24:46.801" endtime="20230801 16:24:46.925"/>
</kw>
<status status="PASS" starttime="20230801 16:24:46.801" endtime="20230801 16:24:46.925"/>
</kw>
<kw name="Click on the Submit button">
<kw name="Click Element" library="SeleniumLibrary">
<arg>${SIGNINBUTTON}</arg>
<doc>Click the element identified by ``locator``.</doc>
<msg timestamp="20230801 16:24:46.926" level="INFO">Clicking element 'xpath=//div[@id="__next"]/form/div[1]/div[2]/button[1]/span[1]'.</msg>
<status status="PASS" starttime="20230801 16:24:46.926" endtime="20230801 16:24:46.986"/>
</kw>
<status status="PASS" starttime="20230801 16:24:46.926" endtime="20230801 16:24:46.986"/>
</kw>
<kw name="Assert dashboard">
<kw name="Wait Until Element Is Visible" library="SeleniumLibrary">
<arg>${PAGELOGO}</arg>
<doc>Waits until the element ``locator`` is visible.</doc>
<status status="PASS" starttime="20230801 16:24:46.987" endtime="20230801 16:24:49.344"/>
</kw>
<kw name="Title Should Be" library="SeleniumLibrary">
<arg>Scouts panel</arg>
<doc>Verifies that the current page title equals ``title``.</doc>
<msg timestamp="20230801 16:24:49.520" level="INFO" html="true">&lt;/td&gt;&lt;/tr&gt;&lt;tr&gt;&lt;td colspan="3"&gt;&lt;a href="selenium-screenshot-120.png"&gt;&lt;img src="selenium-screenshot-120.png" width="800px"&gt;&lt;/a&gt;</msg>
<msg timestamp="20230801 16:24:49.520" level="FAIL">Title should have been 'Scouts panel' but was 'PANEL SKAUTINGOWY'.</msg>
<status status="FAIL" starttime="20230801 16:24:49.345" endtime="20230801 16:24:49.522"/>
</kw>
<kw name="Capture Page Screenshot" library="SeleniumLibrary">
<arg>alert.png</arg>
<doc>Takes a screenshot of the current page and embeds it into a log file.</doc>
<status status="NOT RUN" starttime="20230801 16:24:49.522" endtime="20230801 16:24:49.522"/>
</kw>
<status status="FAIL" starttime="20230801 16:24:46.986" endtime="20230801 16:24:49.522"/>
</kw>
<kw name="Close Browser" library="SeleniumLibrary" type="TEARDOWN">
<doc>Closes the current browser.</doc>
<status status="PASS" starttime="20230801 16:24:49.523" endtime="20230801 16:24:51.661"/>
</kw>
<status status="FAIL" starttime="20230801 16:24:43.927" endtime="20230801 16:24:51.661">Title should have been 'Scouts panel' but was 'PANEL SKAUTINGOWY'.</status>
</test>
<test id="s1-t2" name="Log out of the system" line="48">
<kw name="Open login page">
<kw name="Open Browser" library="SeleniumLibrary">
<arg>${LOGIN URL}</arg>
<arg>${BROWSER}</arg>
<doc>Opens a new browser instance to the optional ``url``.</doc>
<msg timestamp="20230801 16:24:51.663" level="INFO">Opening browser 'Chrome' to base url 'https://dareit.futbolkolektyw.pl/'.</msg>
<status status="PASS" starttime="20230801 16:24:51.663" endtime="20230801 16:24:54.178"/>
</kw>
<kw name="Title Should Be" library="SeleniumLibrary">
<arg>Scouts panel - zaloguj</arg>
<doc>Verifies that the current page title equals ``title``.</doc>
<msg timestamp="20230801 16:24:54.185" level="INFO">Page title is 'Scouts panel - zaloguj'.</msg>
<status status="PASS" starttime="20230801 16:24:54.178" endtime="20230801 16:24:54.185"/>
</kw>
<status status="PASS" starttime="20230801 16:24:51.663" endtime="20230801 16:24:54.185"/>
</kw>
<kw name="Type in email">
<kw name="Input Text" library="SeleniumLibrary">
<arg>${EMAILINPUT}</arg>
<arg>user10@getnada.com</arg>
<doc>Types the given ``text`` into the text field identified by ``locator``.</doc>
<msg timestamp="20230801 16:24:54.186" level="INFO">Typing text 'user10@getnada.com' into text field 'xpath=//*[@id='login']'.</msg>
<status status="PASS" starttime="20230801 16:24:54.185" endtime="20230801 16:24:54.370"/>
</kw>
<status status="PASS" starttime="20230801 16:24:54.185" endtime="20230801 16:24:54.370"/>
</kw>
<kw name="Type in password">
<kw name="Input Text" library="SeleniumLibrary">
<arg>${PASSWORDINPUT}</arg>
<arg>Test-1234</arg>
<doc>Types the given ``text`` into the text field identified by ``locator``.</doc>
<msg timestamp="20230801 16:24:54.371" level="INFO">Typing text 'Test-1234' into text field 'xpath=//*[@id='password']'.</msg>
<status status="PASS" starttime="20230801 16:24:54.371" endtime="20230801 16:24:54.500"/>
</kw>
<status status="PASS" starttime="20230801 16:24:54.371" endtime="20230801 16:24:54.500"/>
</kw>
<kw name="Click on the Submit button">
<kw name="Click Element" library="SeleniumLibrary">
<arg>${SIGNINBUTTON}</arg>
<doc>Click the element identified by ``locator``.</doc>
<msg timestamp="20230801 16:24:54.501" level="INFO">Clicking element 'xpath=//div[@id="__next"]/form/div[1]/div[2]/button[1]/span[1]'.</msg>
<status status="PASS" starttime="20230801 16:24:54.500" endtime="20230801 16:24:54.560"/>
</kw>
<status status="PASS" starttime="20230801 16:24:54.500" endtime="20230801 16:24:54.560"/>
</kw>
<kw name="Wait Until Element Is Visible" library="SeleniumLibrary">
<arg>${LOGOUTBUTTON}</arg>
<doc>Waits until the element ``locator`` is visible.</doc>
<status status="PASS" starttime="20230801 16:24:54.561" endtime="20230801 16:24:55.848"/>
</kw>
<kw name="Click on the Logout Button">
<kw name="Click Element" library="SeleniumLibrary">
<arg>${LOGOUTBUTTON}</arg>
<doc>Click the element identified by ``locator``.</doc>
<msg timestamp="20230801 16:24:55.850" level="INFO">Clicking element 'xpath=//div[@role='presentation']/ul[2]/div[2]/div[2]/span[1]'.</msg>
<status status="PASS" starttime="20230801 16:24:55.850" endtime="20230801 16:24:55.907"/>
</kw>
<status status="PASS" starttime="20230801 16:24:55.848" endtime="20230801 16:24:55.907"/>
</kw>
<kw name="Close Browser" library="SeleniumLibrary" type="TEARDOWN">
<doc>Closes the current browser.</doc>
<status status="PASS" starttime="20230801 16:24:55.907" endtime="20230801 16:24:58.032"/>
</kw>
<status status="PASS" starttime="20230801 16:24:51.662" endtime="20230801 16:24:58.032"/>
</test>
<test id="s1-t3" name="Login to the system with invalid data" line="58">
<kw name="Open login page">
<kw name="Open Browser" library="SeleniumLibrary">
<arg>${LOGIN URL}</arg>
<arg>${BROWSER}</arg>
<doc>Opens a new browser instance to the optional ``url``.</doc>
<msg timestamp="20230801 16:24:58.034" level="INFO">Opening browser 'Chrome' to base url 'https://dareit.futbolkolektyw.pl/'.</msg>
<status status="PASS" starttime="20230801 16:24:58.034" endtime="20230801 16:24:59.759"/>
</kw>
<kw name="Title Should Be" library="SeleniumLibrary">
<arg>Scouts panel - zaloguj</arg>
<doc>Verifies that the current page title equals ``title``.</doc>
<msg timestamp="20230801 16:24:59.771" level="INFO">Page title is 'Scouts panel - zaloguj'.</msg>
<status status="PASS" starttime="20230801 16:24:59.759" endtime="20230801 16:24:59.771"/>
</kw>
<status status="PASS" starttime="20230801 16:24:58.034" endtime="20230801 16:24:59.771"/>
</kw>
<kw name="Type in invalid email">
<kw name="Input Text" library="SeleniumLibrary">
<arg>${EMAILINPUT}</arg>
<arg>user10@getnada.co</arg>
<doc>Types the given ``text`` into the text field identified by ``locator``.</doc>
<msg timestamp="20230801 16:24:59.773" level="INFO">Typing text 'user10@getnada.co' into text field 'xpath=//*[@id='login']'.</msg>
<status status="PASS" starttime="20230801 16:24:59.772" endtime="20230801 16:24:59.958"/>
</kw>
<status status="PASS" starttime="20230801 16:24:59.771" endtime="20230801 16:24:59.958"/>
</kw>
<kw name="Type in password">
<kw name="Input Text" library="SeleniumLibrary">
<arg>${PASSWORDINPUT}</arg>
<arg>Test-1234</arg>
<doc>Types the given ``text`` into the text field identified by ``locator``.</doc>
<msg timestamp="20230801 16:24:59.960" level="INFO">Typing text 'Test-1234' into text field 'xpath=//*[@id='password']'.</msg>
<status status="PASS" starttime="20230801 16:24:59.960" endtime="20230801 16:25:00.101"/>
</kw>
<status status="PASS" starttime="20230801 16:24:59.958" endtime="20230801 16:25:00.101"/>
</kw>
<kw name="Click on the Submit button">
<kw name="Click Element" library="SeleniumLibrary">
<arg>${SIGNINBUTTON}</arg>
<doc>Click the element identified by ``locator``.</doc>
<msg timestamp="20230801 16:25:00.102" level="INFO">Clicking element 'xpath=//div[@id="__next"]/form/div[1]/div[2]/button[1]/span[1]'.</msg>
<status status="PASS" starttime="20230801 16:25:00.101" endtime="20230801 16:25:00.161"/>
</kw>
<status status="PASS" starttime="20230801 16:25:00.101" endtime="20230801 16:25:00.162"/>
</kw>
<kw name="Asser actual info">
<kw name="Wait Until Element Is Visible" library="SeleniumLibrary">
<arg>${ACTUALINFO}</arg>
<doc>Waits until the element ``locator`` is visible.</doc>
<status status="PASS" starttime="20230801 16:25:00.164" endtime="20230801 16:25:00.409"/>
</kw>
<kw name="Element Text Should Be" library="SeleniumLibrary">
<arg>${ACTUALINFO}</arg>
<arg>Identifier or password invalid.</arg>
<doc>Verifies that element ``locator`` contains exact the text ``expected``.</doc>
<msg timestamp="20230801 16:25:00.409" level="INFO">Verifying element 'xpath=//div[@id="__next"]/form/div/div/div[3]/span[1]' contains exact text 'Identifier or password invalid.'.</msg>
<status status="PASS" starttime="20230801 16:25:00.409" endtime="20230801 16:25:00.433"/>
</kw>
<kw name="Capture Page Screenshot" library="SeleniumLibrary">
<arg>alert.png</arg>
<doc>Takes a screenshot of the current page and embeds it into a log file.</doc>
<msg timestamp="20230801 16:25:00.588" level="INFO" html="true">&lt;/td&gt;&lt;/tr&gt;&lt;tr&gt;&lt;td colspan="3"&gt;&lt;a href="alert.png"&gt;&lt;img src="alert.png" width="800px"&gt;&lt;/a&gt;</msg>
<status status="PASS" starttime="20230801 16:25:00.433" endtime="20230801 16:25:00.588"/>
</kw>
<status status="PASS" starttime="20230801 16:25:00.163" endtime="20230801 16:25:00.588"/>
</kw>
<kw name="Close Browser" library="SeleniumLibrary" type="TEARDOWN">
<doc>Closes the current browser.</doc>
<status status="PASS" starttime="20230801 16:25:00.588" endtime="20230801 16:25:02.709"/>
</kw>
<status status="PASS" starttime="20230801 16:24:58.033" endtime="20230801 16:25:02.709"/>
</test>
<test id="s1-t4" name="Login to the system without data" line="66">
<kw name="Open login page">
<kw name="Open Browser" library="SeleniumLibrary">
<arg>${LOGIN URL}</arg>
<arg>${BROWSER}</arg>
<doc>Opens a new browser instance to the optional ``url``.</doc>
<msg timestamp="20230801 16:25:02.712" level="INFO">Opening browser 'Chrome' to base url 'https://dareit.futbolkolektyw.pl/'.</msg>
<status status="PASS" starttime="20230801 16:25:02.711" endtime="20230801 16:25:04.303"/>
</kw>
<kw name="Title Should Be" library="SeleniumLibrary">
<arg>Scouts panel - zaloguj</arg>
<doc>Verifies that the current page title equals ``title``.</doc>
<msg timestamp="20230801 16:25:04.311" level="INFO">Page title is 'Scouts panel - zaloguj'.</msg>
<status status="PASS" starttime="20230801 16:25:04.304" endtime="20230801 16:25:04.311"/>
</kw>
<status status="PASS" starttime="20230801 16:25:02.710" endtime="20230801 16:25:04.311"/>
</kw>
<kw name="Click on the Submit button">
<kw name="Click Element" library="SeleniumLibrary">
<arg>${SIGNINBUTTON}</arg>
<doc>Click the element identified by ``locator``.</doc>
<msg timestamp="20230801 16:25:04.312" level="INFO">Clicking element 'xpath=//div[@id="__next"]/form/div[1]/div[2]/button[1]/span[1]'.</msg>
<status status="PASS" starttime="20230801 16:25:04.311" endtime="20230801 16:25:04.394"/>
</kw>
<status status="PASS" starttime="20230801 16:25:04.311" endtime="20230801 16:25:04.394"/>
</kw>
<kw name="Assert actual info login without data">
<kw name="Wait Until Element Is Visible" library="SeleniumLibrary">
<arg>${ACTUALINFO}</arg>
<doc>Waits until the element ``locator`` is visible.</doc>
<status status="PASS" starttime="20230801 16:25:04.395" endtime="20230801 16:25:04.651"/>
</kw>
<kw name="Element Text Should Be" library="SeleniumLibrary">
<arg>${ACTUALINFO}</arg>
<arg>Please provide your username or your e-mail.</arg>
<doc>Verifies that element ``locator`` contains exact the text ``expected``.</doc>
<msg timestamp="20230801 16:25:04.652" level="INFO">Verifying element 'xpath=//div[@id="__next"]/form/div/div/div[3]/span[1]' contains exact text 'Please provide your username or your e-mail.'.</msg>
<status status="PASS" starttime="20230801 16:25:04.651" endtime="20230801 16:25:04.677"/>
</kw>
<kw name="Capture Page Screenshot" library="SeleniumLibrary">
<arg>alert.png</arg>
<doc>Takes a screenshot of the current page and embeds it into a log file.</doc>
<msg timestamp="20230801 16:25:04.893" level="INFO" html="true">&lt;/td&gt;&lt;/tr&gt;&lt;tr&gt;&lt;td colspan="3"&gt;&lt;a href="alert.png"&gt;&lt;img src="alert.png" width="800px"&gt;&lt;/a&gt;</msg>
<status status="PASS" starttime="20230801 16:25:04.677" endtime="20230801 16:25:04.893"/>
</kw>
<status status="PASS" starttime="20230801 16:25:04.394" endtime="20230801 16:25:04.893"/>
</kw>
<kw name="Close Browser" library="SeleniumLibrary" type="TEARDOWN">
<doc>Closes the current browser.</doc>
<status status="PASS" starttime="20230801 16:25:04.894" endtime="20230801 16:25:07.018"/>
</kw>
<status status="PASS" starttime="20230801 16:25:02.710" endtime="20230801 16:25:07.018"/>
</test>
<test id="s1-t5" name="Add player page" line="72">
<kw name="Open login page">
<kw name="Open Browser" library="SeleniumLibrary">
<arg>${LOGIN URL}</arg>
<arg>${BROWSER}</arg>
<doc>Opens a new browser instance to the optional ``url``.</doc>
<msg timestamp="20230801 16:25:07.020" level="INFO">Opening browser 'Chrome' to base url 'https://dareit.futbolkolektyw.pl/'.</msg>
<status status="PASS" starttime="20230801 16:25:07.020" endtime="20230801 16:25:08.567"/>
</kw>
<kw name="Title Should Be" library="SeleniumLibrary">
<arg>Scouts panel - zaloguj</arg>
<doc>Verifies that the current page title equals ``title``.</doc>
<msg timestamp="20230801 16:25:08.575" level="INFO">Page title is 'Scouts panel - zaloguj'.</msg>
<status status="PASS" starttime="20230801 16:25:08.568" endtime="20230801 16:25:08.575"/>
</kw>
<status status="PASS" starttime="20230801 16:25:07.020" endtime="20230801 16:25:08.575"/>
</kw>
<kw name="Type in email">
<kw name="Input Text" library="SeleniumLibrary">
<arg>${EMAILINPUT}</arg>
<arg>user10@getnada.com</arg>
<doc>Types the given ``text`` into the text field identified by ``locator``.</doc>
<msg timestamp="20230801 16:25:08.577" level="INFO">Typing text 'user10@getnada.com' into text field 'xpath=//*[@id='login']'.</msg>
<status status="PASS" starttime="20230801 16:25:08.576" endtime="20230801 16:25:08.786"/>
</kw>
<status status="PASS" starttime="20230801 16:25:08.576" endtime="20230801 16:25:08.786"/>
</kw>
<kw name="Type in password">
<kw name="Input Text" library="SeleniumLibrary">
<arg>${PASSWORDINPUT}</arg>
<arg>Test-1234</arg>
<doc>Types the given ``text`` into the text field identified by ``locator``.</doc>
<msg timestamp="20230801 16:25:08.787" level="INFO">Typing text 'Test-1234' into text field 'xpath=//*[@id='password']'.</msg>
<status status="PASS" starttime="20230801 16:25:08.787" endtime="20230801 16:25:08.906"/>
</kw>
<status status="PASS" starttime="20230801 16:25:08.786" endtime="20230801 16:25:08.906"/>
</kw>
<kw name="Click on the Submit button">
<kw name="Click Element" library="SeleniumLibrary">
<arg>${SIGNINBUTTON}</arg>
<doc>Click the element identified by ``locator``.</doc>
<msg timestamp="20230801 16:25:08.907" level="INFO">Clicking element 'xpath=//div[@id="__next"]/form/div[1]/div[2]/button[1]/span[1]'.</msg>
<status status="PASS" starttime="20230801 16:25:08.907" endtime="20230801 16:25:08.970"/>
</kw>
<status status="PASS" starttime="20230801 16:25:08.907" endtime="20230801 16:25:08.970"/>
</kw>
<kw name="Wait Until Element Is Visible" library="SeleniumLibrary">
<arg>${ADDPLAYERBUTTON}</arg>
<doc>Waits until the element ``locator`` is visible.</doc>
<status status="PASS" starttime="20230801 16:25:08.971" endtime="20230801 16:25:11.113"/>
</kw>
<kw name="Click Element" library="SeleniumLibrary">
<arg>${ADDPLAYERBUTTON}</arg>
<doc>Click the element identified by ``locator``.</doc>
<msg timestamp="20230801 16:25:11.114" level="INFO">Clicking element 'xpath=//main/div[3]/div[2]/div[1]/div[1]/a/button'.</msg>
<status status="PASS" starttime="20230801 16:25:11.113" endtime="20230801 16:25:11.180"/>
</kw>
<kw name="Assert player page">
<kw name="Wait Until Element Is Visible" library="SeleniumLibrary">
<arg>${ADDPLAYERPAGELOGO}</arg>
<doc>Waits until the element ``locator`` is visible.</doc>
<status status="PASS" starttime="20230801 16:25:11.181" endtime="20230801 16:25:11.282"/>
</kw>
<kw name="Title Should Be" library="SeleniumLibrary">
<arg>Add player</arg>
<doc>Verifies that the current page title equals ``title``.</doc>
<msg timestamp="20230801 16:25:11.415" level="INFO" html="true">&lt;/td&gt;&lt;/tr&gt;&lt;tr&gt;&lt;td colspan="3"&gt;&lt;a href="selenium-screenshot-121.png"&gt;&lt;img src="selenium-screenshot-121.png" width="800px"&gt;&lt;/a&gt;</msg>
<msg timestamp="20230801 16:25:11.416" level="FAIL">Title should have been 'Add player' but was 'Dodaj gracza'.</msg>
<status status="FAIL" starttime="20230801 16:25:11.283" endtime="20230801 16:25:11.416"/>
</kw>
<kw name="Capture Page Screenshot" library="SeleniumLibrary">
<arg>alert.png</arg>
<doc>Takes a screenshot of the current page and embeds it into a log file.</doc>
<status status="NOT RUN" starttime="20230801 16:25:11.416" endtime="20230801 16:25:11.416"/>
</kw>
<status status="FAIL" starttime="20230801 16:25:11.180" endtime="20230801 16:25:11.416"/>
</kw>
<kw name="Close Browser" library="SeleniumLibrary" type="TEARDOWN">
<doc>Closes the current browser.</doc>
<status status="PASS" starttime="20230801 16:25:11.417" endtime="20230801 16:25:13.531"/>
</kw>
<status status="FAIL" starttime="20230801 16:25:07.020" endtime="20230801 16:25:13.532">Title should have been 'Add player' but was 'Dodaj gracza'.</status>
</test>
<test id="s1-t6" name="Add player form" line="83">
<kw name="Open login page">
<kw name="Open Browser" library="SeleniumLibrary">
<arg>${LOGIN URL}</arg>
<arg>${BROWSER}</arg>
<doc>Opens a new browser instance to the optional ``url``.</doc>
<msg timestamp="20230801 16:25:13.534" level="INFO">Opening browser 'Chrome' to base url 'https://dareit.futbolkolektyw.pl/'.</msg>
<status status="PASS" starttime="20230801 16:25:13.534" endtime="20230801 16:25:15.115"/>
</kw>
<kw name="Title Should Be" library="SeleniumLibrary">
<arg>Scouts panel - zaloguj</arg>
<doc>Verifies that the current page title equals ``title``.</doc>
<msg timestamp="20230801 16:25:15.121" level="INFO">Page title is 'Scouts panel - zaloguj'.</msg>
<status status="PASS" starttime="20230801 16:25:15.116" endtime="20230801 16:25:15.121"/>
</kw>
<status status="PASS" starttime="20230801 16:25:13.533" endtime="20230801 16:25:15.121"/>
</kw>
<kw name="Type in email">
<kw name="Input Text" library="SeleniumLibrary">
<arg>${EMAILINPUT}</arg>
<arg>user10@getnada.com</arg>
<doc>Types the given ``text`` into the text field identified by ``locator``.</doc>
<msg timestamp="20230801 16:25:15.124" level="INFO">Typing text 'user10@getnada.com' into text field 'xpath=//*[@id='login']'.</msg>
<status status="PASS" starttime="20230801 16:25:15.122" endtime="20230801 16:25:15.337"/>
</kw>
<status status="PASS" starttime="20230801 16:25:15.122" endtime="20230801 16:25:15.337"/>
</kw>
<kw name="Type in password">
<kw name="Input Text" library="SeleniumLibrary">
<arg>${PASSWORDINPUT}</arg>
<arg>Test-1234</arg>
<doc>Types the given ``text`` into the text field identified by ``locator``.</doc>
<msg timestamp="20230801 16:25:15.338" level="INFO">Typing text 'Test-1234' into text field 'xpath=//*[@id='password']'.</msg>
<status status="PASS" starttime="20230801 16:25:15.338" endtime="20230801 16:25:15.453"/>
</kw>
<status status="PASS" starttime="20230801 16:25:15.337" endtime="20230801 16:25:15.453"/>
</kw>
<kw name="Click on the Submit button">
<kw name="Click Element" library="SeleniumLibrary">
<arg>${SIGNINBUTTON}</arg>
<doc>Click the element identified by ``locator``.</doc>
<msg timestamp="20230801 16:25:15.455" level="INFO">Clicking element 'xpath=//div[@id="__next"]/form/div[1]/div[2]/button[1]/span[1]'.</msg>
<status status="PASS" starttime="20230801 16:25:15.454" endtime="20230801 16:25:15.513"/>
</kw>
<status status="PASS" starttime="20230801 16:25:15.454" endtime="20230801 16:25:15.513"/>
</kw>
<kw name="Wait Until Element Is Visible" library="SeleniumLibrary">
<arg>${ADDPLAYERBUTTON}</arg>
<doc>Waits until the element ``locator`` is visible.</doc>
<status status="PASS" starttime="20230801 16:25:15.514" endtime="20230801 16:25:18.068"/>
</kw>
<kw name="Click Element" library="SeleniumLibrary">
<arg>${ADDPLAYERBUTTON}</arg>
<doc>Click the element identified by ``locator``.</doc>
<msg timestamp="20230801 16:25:18.068" level="INFO">Clicking element 'xpath=//main/div[3]/div[2]/div[1]/div[1]/a/button'.</msg>
<status status="PASS" starttime="20230801 16:25:18.068" endtime="20230801 16:25:18.180"/>
</kw>
<kw name="Assert player page">
<kw name="Wait Until Element Is Visible" library="SeleniumLibrary">
<arg>${ADDPLAYERPAGELOGO}</arg>
<doc>Waits until the element ``locator`` is visible.</doc>
<status status="PASS" starttime="20230801 16:25:18.181" endtime="20230801 16:25:18.217"/>
</kw>
<kw name="Title Should Be" library="SeleniumLibrary">
<arg>Add player</arg>
<doc>Verifies that the current page title equals ``title``.</doc>
<msg timestamp="20230801 16:25:18.344" level="INFO" html="true">&lt;/td&gt;&lt;/tr&gt;&lt;tr&gt;&lt;td colspan="3"&gt;&lt;a href="selenium-screenshot-122.png"&gt;&lt;img src="selenium-screenshot-122.png" width="800px"&gt;&lt;/a&gt;</msg>
<msg timestamp="20230801 16:25:18.344" level="FAIL">Title should have been 'Add player' but was 'Dodaj gracza'.</msg>
<status status="FAIL" starttime="20230801 16:25:18.217" endtime="20230801 16:25:18.344"/>
</kw>
<kw name="Capture Page Screenshot" library="SeleniumLibrary">
<arg>alert.png</arg>
<doc>Takes a screenshot of the current page and embeds it into a log file.</doc>
<status status="NOT RUN" starttime="20230801 16:25:18.344" endtime="20230801 16:25:18.344"/>
</kw>
<status status="FAIL" starttime="20230801 16:25:18.181" endtime="20230801 16:25:18.345"/>
</kw>
<kw name="Wait Until Element Is Visible" library="SeleniumLibrary">
<arg>${PLAYEREMAIL}</arg>
<doc>Waits until the element ``locator`` is visible.</doc>
<status status="NOT RUN" starttime="20230801 16:25:18.346" endtime="20230801 16:25:18.346"/>
</kw>
<kw name="Type in Player Email">
<status status="NOT RUN" starttime="20230801 16:25:18.346" endtime="20230801 16:25:18.346"/>
</kw>
<kw name="Type in Player Name">
<status status="NOT RUN" starttime="20230801 16:25:18.347" endtime="20230801 16:25:18.347"/>
</kw>
<kw name="Type in Player Surname">
<status status="NOT RUN" starttime="20230801 16:25:18.347" endtime="20230801 16:25:18.347"/>
</kw>
<kw name="Type in Player Phone">
<status status="NOT RUN" starttime="20230801 16:25:18.348" endtime="20230801 16:25:18.348"/>
</kw>
<kw name="Type in Player Weight">
<status status="NOT RUN" starttime="20230801 16:25:18.348" endtime="20230801 16:25:18.348"/>
</kw>
<kw name="Type in Player Height">
<status status="NOT RUN" starttime="20230801 16:25:18.348" endtime="20230801 16:25:18.348"/>
</kw>
<kw name="Type in Player Age">
<status status="NOT RUN" starttime="20230801 16:25:18.348" endtime="20230801 16:25:18.348"/>
</kw>
<kw name="Click Element" library="SeleniumLibrary">
<arg>${LEGSELECT}</arg>
<doc>Click the element identified by ``locator``.</doc>
<status status="NOT RUN" starttime="20230801 16:25:18.349" endtime="20230801 16:25:18.349"/>
</kw>
<kw name="Wait Until Element Is Visible" library="SeleniumLibrary">
<arg>${RIGHTLEG}</arg>
<doc>Waits until the element ``locator`` is visible.</doc>
<status status="NOT RUN" starttime="20230801 16:25:18.349" endtime="20230801 16:25:18.349"/>
</kw>
<kw name="Click Element" library="SeleniumLibrary">
<arg>${RIGHTLEG}</arg>
<doc>Click the element identified by ``locator``.</doc>
<status status="NOT RUN" starttime="20230801 16:25:18.349" endtime="20230801 16:25:18.349"/>
</kw>
<kw name="Type in Club Name">
<status status="NOT RUN" starttime="20230801 16:25:18.350" endtime="20230801 16:25:18.350"/>
</kw>
<kw name="Type in Player Level">
<status status="NOT RUN" starttime="20230801 16:25:18.350" endtime="20230801 16:25:18.350"/>
</kw>
<kw name="Type in Player Main Position">
<status status="NOT RUN" starttime="20230801 16:25:18.350" endtime="20230801 16:25:18.350"/>
</kw>
<kw name="Type in Player Second Position">
<status status="NOT RUN" starttime="20230801 16:25:18.350" endtime="20230801 16:25:18.350"/>
</kw>
<kw name="Click Element" library="SeleniumLibrary">
<arg>${DISTRICTSELECT}</arg>
<doc>Click the element identified by ``locator``.</doc>
<status status="NOT RUN" starttime="20230801 16:25:18.350" endtime="20230801 16:25:18.350"/>
</kw>
<kw name="Scroll Element Into View" library="SeleniumLibrary">
<arg>${DISTRICTSILESIA}</arg>
<doc>Scrolls the element identified by ``locator`` into view.</doc>
<status status="NOT RUN" starttime="20230801 16:25:18.350" endtime="20230801 16:25:18.351"/>
</kw>
<kw name="Click Element" library="SeleniumLibrary">
<arg>${DISTRICTSILESIA}</arg>
<doc>Click the element identified by ``locator``.</doc>
<status status="NOT RUN" starttime="20230801 16:25:18.351" endtime="20230801 16:25:18.351"/>
</kw>
<kw name="Type in Achievement">
<status status="NOT RUN" starttime="20230801 16:25:18.351" endtime="20230801 16:25:18.351"/>
</kw>
<kw name="Click Element" library="SeleniumLibrary">
<arg>${LANGUAGEBUTTON}</arg>
<doc>Click the element identified by ``locator``.</doc>
<status status="NOT RUN" starttime="20230801 16:25:18.352" endtime="20230801 16:25:18.352"/>
</kw>
<kw name="Type in Language">
<status status="NOT RUN" starttime="20230801 16:25:18.352" endtime="20230801 16:25:18.352"/>
</kw>
<kw name="Click Element" library="SeleniumLibrary">
<arg>${YOUTUBEBUTTON}</arg>
<doc>Click the element identified by ``locator``.</doc>
<status status="NOT RUN" starttime="20230801 16:25:18.352" endtime="20230801 16:25:18.352"/>
</kw>
<kw name="Click Element" library="SeleniumLibrary">
<arg>${YOUTUBEINPUT}</arg>
<doc>Click the element identified by ``locator``.</doc>
<status status="NOT RUN" starttime="20230801 16:25:18.352" endtime="20230801 16:25:18.352"/>
</kw>
<kw name="Type in YouTube Link">
<status status="NOT RUN" starttime="20230801 16:25:18.352" endtime="20230801 16:25:18.352"/>
</kw>
<kw name="Click Element" library="SeleniumLibrary">
<arg>${SUBMITBUTTON}</arg>
<doc>Click the element identified by ``locator``.</doc>
<status status="NOT RUN" starttime="20230801 16:25:18.353" endtime="20230801 16:25:18.353"/>
</kw>
<kw name="Close Browser" library="SeleniumLibrary" type="TEARDOWN">
<doc>Closes the current browser.</doc>
<status status="PASS" starttime="20230801 16:25:18.353" endtime="20230801 16:25:20.497"/>
</kw>
<status status="FAIL" starttime="20230801 16:25:13.533" endtime="20230801 16:25:20.498">Title should have been 'Add player' but was 'Dodaj gracza'.</status>
</test>
<test id="s1-t7" name="Change language" line="119">
<kw name="Open login page">
<kw name="Open Browser" library="SeleniumLibrary">
<arg>${LOGIN URL}</arg>
<arg>${BROWSER}</arg>
<doc>Opens a new browser instance to the optional ``url``.</doc>
<msg timestamp="20230801 16:25:20.501" level="INFO">Opening browser 'Chrome' to base url 'https://dareit.futbolkolektyw.pl/'.</msg>
<status status="PASS" starttime="20230801 16:25:20.500" endtime="20230801 16:25:22.165"/>
</kw>
<kw name="Title Should Be" library="SeleniumLibrary">
<arg>Scouts panel - zaloguj</arg>
<doc>Verifies that the current page title equals ``title``.</doc>
<msg timestamp="20230801 16:25:22.175" level="INFO">Page title is 'Scouts panel - zaloguj'.</msg>
<status status="PASS" starttime="20230801 16:25:22.166" endtime="20230801 16:25:22.175"/>
</kw>
<status status="PASS" starttime="20230801 16:25:20.500" endtime="20230801 16:25:22.175"/>
</kw>
<kw name="Type in email">
<kw name="Input Text" library="SeleniumLibrary">
<arg>${EMAILINPUT}</arg>
<arg>user10@getnada.com</arg>
<doc>Types the given ``text`` into the text field identified by ``locator``.</doc>
<msg timestamp="20230801 16:25:22.178" level="INFO">Typing text 'user10@getnada.com' into text field 'xpath=//*[@id='login']'.</msg>
<status status="PASS" starttime="20230801 16:25:22.176" endtime="20230801 16:25:22.467"/>
</kw>
<status status="PASS" starttime="20230801 16:25:22.176" endtime="20230801 16:25:22.467"/>
</kw>
<kw name="Type in password">
<kw name="Input Text" library="SeleniumLibrary">
<arg>${PASSWORDINPUT}</arg>
<arg>Test-1234</arg>
<doc>Types the given ``text`` into the text field identified by ``locator``.</doc>
<msg timestamp="20230801 16:25:22.470" level="INFO">Typing text 'Test-1234' into text field 'xpath=//*[@id='password']'.</msg>
<status status="PASS" starttime="20230801 16:25:22.469" endtime="20230801 16:25:22.655"/>
</kw>
<status status="PASS" starttime="20230801 16:25:22.468" endtime="20230801 16:25:22.655"/>
</kw>
<kw name="Click on the Submit button">
<kw name="Click Element" library="SeleniumLibrary">
<arg>${SIGNINBUTTON}</arg>
<doc>Click the element identified by ``locator``.</doc>
<msg timestamp="20230801 16:25:22.656" level="INFO">Clicking element 'xpath=//div[@id="__next"]/form/div[1]/div[2]/button[1]/span[1]'.</msg>
<status status="PASS" starttime="20230801 16:25:22.656" endtime="20230801 16:25:22.720"/>
</kw>
<status status="PASS" starttime="20230801 16:25:22.655" endtime="20230801 16:25:22.720"/>
</kw>
<kw name="Wait Until Element Is Visible" library="SeleniumLibrary">
<arg>${CHANGELANGUAGE}</arg>
<doc>Waits until the element ``locator`` is visible.</doc>
<status status="PASS" starttime="20230801 16:25:22.720" endtime="20230801 16:25:24.037"/>
</kw>
<kw name="Click Language Button">
<kw name="Click Element" library="SeleniumLibrary">
<arg>${CHANGELANGUAGE}</arg>
<doc>Click the element identified by ``locator``.</doc>
<msg timestamp="20230801 16:25:24.038" level="INFO">Clicking element 'xpath=//div[@role='presentation']/ul[2]/div[1]/div[2]/span[1]'.</msg>
<status status="PASS" starttime="20230801 16:25:24.038" endtime="20230801 16:25:24.093"/>
</kw>
<status status="PASS" starttime="20230801 16:25:24.037" endtime="20230801 16:25:24.094"/>
</kw>
<kw name="Close Browser" library="SeleniumLibrary" type="TEARDOWN">
<doc>Closes the current browser.</doc>
<status status="PASS" starttime="20230801 16:25:24.094" endtime="20230801 16:25:26.226"/>
</kw>
<status status="PASS" starttime="20230801 16:25:20.500" endtime="20230801 16:25:26.226"/>
</test>
<doc>Suite description #automated testes for scout website</doc>
<status status="FAIL" starttime="20230801 16:24:43.684" endtime="20230801 16:25:26.227"/>
</suite>
<statistics>
<total>
<stat pass="4" fail="3" skip="0">All Tests</stat>
</total>
<tag>
</tag>
<suite>
<stat pass="4" fail="3" skip="0" id="s1" name="Test Login Rf">Test Login Rf</stat>
</suite>
</statistics>
<errors>
</errors>
</robot>
