<?xml version="1.0" encoding="UTF-8"?>
<robot generator="Robot 6.1 (Python 3.11.2 on win32)" generated="20230726 08:23:44.129" rpa="false" schemaversion="4">
<suite id="s1" name="Test Login Rf" source="C:\Users\valcr\PycharmProjects\test_robotframework\test_login_rf.robot">
<test id="s1-t1" name="Login to the system" line="15">
<kw name="Open login page">
<kw name="Open Browser" library="SeleniumLibrary">
<arg>${LOGIN URL}</arg>
<arg>${BROWSER}</arg>
<doc>Opens a new browser instance to the optional ``url``.</doc>
<msg timestamp="20230726 08:23:44.356" level="INFO">Opening browser 'Chrome' to base url 'https://scouts-test.futbolkolektyw.pl/en'.</msg>
<status status="PASS" starttime="20230726 08:23:44.355" endtime="20230726 08:23:45.930"/>
</kw>
<kw name="Title Should Be" library="SeleniumLibrary">
<arg>Scouts panel - sign in</arg>
<doc>Verifies that the current page title equals ``title``.</doc>
<msg timestamp="20230726 08:23:45.938" level="INFO">Page title is 'Scouts panel - sign in'.</msg>
<status status="PASS" starttime="20230726 08:23:45.930" endtime="20230726 08:23:45.938"/>
</kw>
<status status="PASS" starttime="20230726 08:23:44.355" endtime="20230726 08:23:45.938"/>
</kw>
<kw name="Type in email">
<kw name="Input Text" library="SeleniumLibrary">
<arg>${EMAILINPUT}</arg>
<arg>user07@getnada.com</arg>
<doc>Types the given ``text`` into the text field identified by ``locator``.</doc>
<msg timestamp="20230726 08:23:45.940" level="INFO">Typing text 'user07@getnada.com' into text field 'xpath=//*[@id='login']'.</msg>
<status status="PASS" starttime="20230726 08:23:45.939" endtime="20230726 08:23:46.187"/>
</kw>
<status status="PASS" starttime="20230726 08:23:45.939" endtime="20230726 08:23:46.187"/>
</kw>
<kw name="Type in password">
<kw name="Input Text" library="SeleniumLibrary">
<arg>${PASSWORDINPUT}</arg>
<arg>Tester-1234</arg>
<doc>Types the given ``text`` into the text field identified by ``locator``.</doc>
<msg timestamp="20230726 08:23:46.191" level="INFO">Typing text 'Tester-1234' into text field 'xpath=//*[@id='password']'.</msg>
<status status="PASS" starttime="20230726 08:23:46.190" endtime="20230726 08:23:46.343"/>
</kw>
<status status="PASS" starttime="20230726 08:23:46.189" endtime="20230726 08:23:46.343"/>
</kw>
<kw name="Click on the Submit button">
<kw name="Click Element" library="SeleniumLibrary">
<arg>xpath=//*[(text()= 'Sign in')]</arg>
<doc>Click the element identified by ``locator``.</doc>
<msg timestamp="20230726 08:23:46.344" level="INFO">Clicking element 'xpath=//*[(text()= 'Sign in')]'.</msg>
<status status="PASS" starttime="20230726 08:23:46.344" endtime="20230726 08:23:46.395"/>
</kw>
<status status="PASS" starttime="20230726 08:23:46.344" endtime="20230726 08:23:46.395"/>
</kw>
<kw name="Assert dashboard">
<kw name="Wait Until Element Is Visible" library="SeleniumLibrary">
<arg>${PAGELOGO}</arg>
<doc>Waits until the element ``locator`` is visible.</doc>
<status status="PASS" starttime="20230726 08:23:46.396" endtime="20230726 08:23:47.261"/>
</kw>
<kw name="Title Should Be" library="SeleniumLibrary">
<arg>Scouts panel - sign in</arg>
<doc>Verifies that the current page title equals ``title``.</doc>
<msg timestamp="20230726 08:23:47.266" level="INFO">Page title is 'Scouts panel - sign in'.</msg>
<status status="PASS" starttime="20230726 08:23:47.261" endtime="20230726 08:23:47.266"/>
</kw>
<kw name="Capture Page Screenshot" library="SeleniumLibrary">
<arg>alert.png</arg>
<doc>Takes a screenshot of the current page and embeds it into a log file.</doc>
<msg timestamp="20230726 08:23:47.444" level="INFO" html="true">&lt;/td&gt;&lt;/tr&gt;&lt;tr&gt;&lt;td colspan="3"&gt;&lt;a href="alert.png"&gt;&lt;img src="alert.png" width="800px"&gt;&lt;/a&gt;</msg>
<status status="PASS" starttime="20230726 08:23:47.267" endtime="20230726 08:23:47.444"/>
</kw>
<status status="PASS" starttime="20230726 08:23:46.396" endtime="20230726 08:23:47.444"/>
</kw>
<kw name="Close Browser" library="SeleniumLibrary" type="TEARDOWN">
<doc>Closes the current browser.</doc>
<status status="PASS" starttime="20230726 08:23:47.444" endtime="20230726 08:23:49.572"/>
</kw>
<status status="PASS" starttime="20230726 08:23:44.354" endtime="20230726 08:23:49.573"/>
</test>
<doc>Suite description #automated testes for scout website</doc>
<status status="PASS" starttime="20230726 08:23:44.131" endtime="20230726 08:23:49.574"/>
</suite>
<statistics>
<total>
<stat pass="1" fail="0" skip="0">All Tests</stat>
</total>
<tag>
</tag>
<suite>
<stat pass="1" fail="0" skip="0" id="s1" name="Test Login Rf">Test Login Rf</stat>
</suite>
</statistics>
<errors>
</errors>
</robot>
